quadstore-comunica@1.0.0 /Users/jacoscaz/Repositories/node-quadstore-comunica
├─┬ @comunica/actor-init-sparql@1.17.0
│ ├─┬ @comunica/actor-abstract-bindings-hash@1.17.0
│ │ ├── canonicalize@1.0.3
│ │ ├── rdf-string@1.5.0 deduped
│ │ └── sparqlalgebrajs@2.4.0 deduped
│ ├── @comunica/actor-abstract-mediatyped@1.17.0
│ ├─┬ @comunica/actor-http-memento@1.17.0
│ │ ├── @types/parse-link-header@1.0.0
│ │ ├─┬ cross-fetch@3.0.6
│ │ │ └── node-fetch@2.6.1
│ │ └─┬ parse-link-header@1.0.1
│ │   └── xtend@4.0.2
│ ├─┬ @comunica/actor-http-native@1.17.0
│ │ ├── @types/parse-link-header@1.0.0 deduped
│ │ ├── cross-fetch@3.0.6 deduped
│ │ ├── follow-redirects@1.13.0
│ │ └── parse-link-header@1.0.1 deduped
│ ├── @comunica/actor-http-proxy@1.17.0
│ ├─┬ @comunica/actor-optimize-query-operation-join-bgp@1.17.0
│ │ └── sparqlalgebrajs@2.4.0 deduped
│ ├─┬ @comunica/actor-query-operation-ask@1.17.0
│ │ └── sparqlalgebrajs@2.4.0 deduped
│ ├─┬ @comunica/actor-query-operation-bgp-empty@1.17.0
│ │ ├── asynciterator@3.0.3 deduped
│ │ ├── rdf-string@1.5.0 deduped
│ │ ├── rdf-terms@1.6.2 deduped
│ │ └── sparqlalgebrajs@2.4.0 deduped
│ ├─┬ @comunica/actor-query-operation-bgp-left-deep-smallest@1.17.0
│ │ ├── @types/rdf-js@4.0.0 deduped
│ │ ├── asynciterator@3.0.3 deduped
│ │ ├── rdf-string@1.5.0 deduped
│ │ ├── rdf-terms@1.6.2 deduped
│ │ └── sparqlalgebrajs@2.4.0 deduped
│ ├─┬ @comunica/actor-query-operation-bgp-single@1.17.0
│ │ └── sparqlalgebrajs@2.4.0 deduped
│ ├─┬ @comunica/actor-query-operation-construct@1.17.0
│ │ ├── @types/rdf-js@4.0.0 deduped
│ │ ├── asynciterator@3.0.3 deduped
│ │ ├─┬ rdf-data-factory@1.0.3
│ │ │ └── @types/rdf-js@4.0.0 deduped
│ │ ├── rdf-terms@1.6.2 deduped
│ │ └── sparqlalgebrajs@2.4.0 deduped
│ ├─┬ @comunica/actor-query-operation-describe-subject@1.17.0
│ │ ├── @comunica/actor-query-operation-union@1.17.0 deduped
│ │ ├── @types/rdf-js@4.0.0 deduped
│ │ ├── asynciterator@3.0.3 deduped
│ │ ├── rdf-data-factory@1.0.3 deduped
│ │ └── sparqlalgebrajs@2.4.0 deduped
│ ├─┬ @comunica/actor-query-operation-distinct-hash@1.17.0
│ │ ├── @comunica/actor-abstract-bindings-hash@1.17.0 deduped
│ │ └── sparqlalgebrajs@2.4.0 deduped
│ ├─┬ @comunica/actor-query-operation-extend@1.17.0
│ │ ├── rdf-string@1.5.0 deduped
│ │ ├── sparqlalgebrajs@2.4.0 deduped
│ │ └─┬ sparqlee@1.5.0
│ │   ├─┬ @types/create-hash@1.2.2
│ │   │ └── @types/node@14.11.8 deduped
│ │   ├── @types/rdf-js@4.0.0 deduped
│ │   ├── @types/uuid@8.3.0
│ │   ├─┬ create-hash@1.2.0
│ │   │ ├─┬ cipher-base@1.0.4
│ │   │ │ ├── inherits@2.0.4 deduped
│ │   │ │ └── safe-buffer@5.2.1 deduped
│ │   │ ├── inherits@2.0.4
│ │   │ ├─┬ md5.js@1.3.5
│ │   │ │ ├─┬ hash-base@3.1.0
│ │   │ │ │ ├── inherits@2.0.4 deduped
│ │   │ │ │ ├── readable-stream@3.6.0 deduped
│ │   │ │ │ └── safe-buffer@5.2.1 deduped
│ │   │ │ ├── inherits@2.0.4 deduped
│ │   │ │ └── safe-buffer@5.2.1 deduped
│ │   │ ├─┬ ripemd160@2.0.2
│ │   │ │ ├── hash-base@3.1.0 deduped
│ │   │ │ └── inherits@2.0.4 deduped
│ │   │ └─┬ sha.js@2.4.11
│ │   │   ├── inherits@2.0.4 deduped
│ │   │   └── safe-buffer@5.2.1 deduped
│ │   ├── decimal.js@10.2.1
│ │   ├── immutable@3.8.2 deduped
│ │   ├── rdf-data-factory@1.0.3 deduped
│ │   ├── rdf-string@1.5.0 deduped
│ │   ├── relative-to-absolute-iri@1.0.6 deduped
│ │   ├── sparqlalgebrajs@2.4.0 deduped
│ │   └── uuid@8.3.1
│ ├─┬ @comunica/actor-query-operation-filter-sparqlee@1.17.0
│ │ ├── sparqlalgebrajs@2.4.0 deduped
│ │ └── sparqlee@1.5.0 deduped
│ ├─┬ @comunica/actor-query-operation-from-quad@1.17.0
│ │ ├── @types/rdf-js@4.0.0 deduped
│ │ └── sparqlalgebrajs@2.4.0 deduped
│ ├─┬ @comunica/actor-query-operation-group@1.17.0
│ │ ├── @comunica/actor-abstract-bindings-hash@1.17.0 deduped
│ │ ├── asynciterator@3.0.3 deduped
│ │ ├── rdf-string@1.5.0 deduped
│ │ ├── sparqlalgebrajs@2.4.0 deduped
│ │ └── sparqlee@1.5.0 deduped
│ ├─┬ @comunica/actor-query-operation-join@1.17.0
│ │ └── sparqlalgebrajs@2.4.0 deduped
│ ├─┬ @comunica/actor-query-operation-leftjoin-left-deep@1.17.0
│ │ ├── @comunica/bus-rdf-join@1.17.0 deduped
│ │ ├── @types/rdf-js@4.0.0 deduped
│ │ ├── asynciterator@3.0.3 deduped
│ │ └── sparqlalgebrajs@2.4.0 deduped
│ ├─┬ @comunica/actor-query-operation-leftjoin-nestedloop@1.17.0
│ │ ├── asynciterator@3.0.3 deduped
│ │ ├── sparqlalgebrajs@2.4.0 deduped
│ │ └── sparqlee@1.5.0 deduped
│ ├─┬ @comunica/actor-query-operation-minus@1.17.0
│ │ ├── @comunica/actor-abstract-bindings-hash@1.17.0 deduped
│ │ ├── @types/rdf-js@4.0.0 deduped
│ │ ├── asynciterator@3.0.3 deduped
│ │ ├── rdf-string@1.5.0 deduped
│ │ └── sparqlalgebrajs@2.4.0 deduped
│ ├─┬ @comunica/actor-query-operation-orderby-sparqlee@1.17.0
│ │ ├── @types/rdf-js@4.0.0 deduped
│ │ ├── asynciterator@3.0.3 deduped
│ │ ├── rdf-string@1.5.0 deduped
│ │ ├── sparqlalgebrajs@2.4.0 deduped
│ │ └── sparqlee@1.5.0 deduped
│ ├─┬ @comunica/actor-query-operation-path-alt@1.17.0
│ │ ├─┬ @comunica/actor-abstract-path@1.17.0
│ │ │ ├── @types/rdf-js@4.0.0 deduped
│ │ │ ├── asynciterator@3.0.3 deduped
│ │ │ ├── rdf-data-factory@1.0.3 deduped
│ │ │ ├── rdf-string@1.5.0 deduped
│ │ │ └── sparqlalgebrajs@2.4.0 deduped
│ │ ├── asynciterator@3.0.3 deduped
│ │ └── sparqlalgebrajs@2.4.0 deduped
│ ├─┬ @comunica/actor-query-operation-path-inv@1.17.0
│ │ └── @comunica/actor-abstract-path@1.17.0 deduped
│ ├─┬ @comunica/actor-query-operation-path-link@1.17.0
│ │ ├── @comunica/actor-abstract-path@1.17.0 deduped
│ │ └── sparqlalgebrajs@2.4.0 deduped
│ ├─┬ @comunica/actor-query-operation-path-nps@1.17.0
│ │ ├── @comunica/actor-abstract-path@1.17.0 deduped
│ │ ├── rdf-string@1.5.0 deduped
│ │ └── sparqlalgebrajs@2.4.0 deduped
│ ├─┬ @comunica/actor-query-operation-path-one-or-more@1.17.0
│ │ ├── @comunica/actor-abstract-path@1.17.0 deduped
│ │ ├── @types/rdf-js@4.0.0 deduped
│ │ ├── asynciterator@3.0.3 deduped
│ │ ├── rdf-string@1.5.0 deduped
│ │ └── sparqlalgebrajs@2.4.0 deduped
│ ├─┬ @comunica/actor-query-operation-path-seq@1.17.0
│ │ ├── @comunica/actor-abstract-path@1.17.0 deduped
│ │ ├── rdf-string@1.5.0 deduped
│ │ └── sparqlalgebrajs@2.4.0 deduped
│ ├─┬ @comunica/actor-query-operation-path-zero-or-more@1.17.0
│ │ ├── @comunica/actor-abstract-path@1.17.0 deduped
│ │ ├── asynciterator@3.0.3 deduped
│ │ ├── rdf-string@1.5.0 deduped
│ │ └── sparqlalgebrajs@2.4.0 deduped
│ ├─┬ @comunica/actor-query-operation-path-zero-or-one@1.17.0
│ │ ├── @comunica/actor-abstract-path@1.17.0 deduped
│ │ ├── asynciterator@3.0.3 deduped
│ │ ├── rdf-string@1.5.0 deduped
│ │ └── sparqlalgebrajs@2.4.0 deduped
│ ├─┬ @comunica/actor-query-operation-project@1.17.0
│ │ ├─┬ @comunica/data-factory@1.17.0
│ │ │ └── @types/rdf-js@4.0.0 deduped
│ │ ├── rdf-data-factory@1.0.3 deduped
│ │ ├── rdf-string@1.5.0 deduped
│ │ └── sparqlalgebrajs@2.4.0 deduped
│ ├─┬ @comunica/actor-query-operation-quadpattern@1.17.0
│ │ ├── @types/rdf-js@4.0.0 deduped
│ │ ├── asynciterator@3.0.3 deduped
│ │ ├── rdf-string@1.5.0 deduped
│ │ ├── rdf-terms@1.6.2 deduped
│ │ └── sparqlalgebrajs@2.4.0 deduped
│ ├─┬ @comunica/actor-query-operation-reduced-hash@1.17.0
│ │ ├── @comunica/actor-abstract-bindings-hash@1.17.0 deduped
│ │ ├── @types/lru-cache@5.1.0
│ │ ├─┬ lru-cache@6.0.0
│ │ │ └── yallist@4.0.0
│ │ └── sparqlalgebrajs@2.4.0 deduped
│ ├─┬ @comunica/actor-query-operation-service@1.17.0
│ │ ├── @comunica/bus-rdf-resolve-quad-pattern@1.17.0 deduped
│ │ ├── asynciterator@3.0.3 deduped
│ │ └── sparqlalgebrajs@2.4.0 deduped
│ ├─┬ @comunica/actor-query-operation-slice@1.17.0
│ │ ├── asynciterator@3.0.3 deduped
│ │ └── sparqlalgebrajs@2.4.0 deduped
│ ├─┬ @comunica/actor-query-operation-sparql-endpoint@1.17.0
│ │ ├── @comunica/bus-rdf-resolve-quad-pattern@1.17.0 deduped
│ │ ├─┬ @comunica/utils-datasource@1.17.0
│ │ │ ├── @comunica/bus-rdf-resolve-quad-pattern@1.17.0 deduped
│ │ │ └── asynciterator@3.0.3 deduped
│ │ ├── @types/rdf-js@4.0.0 deduped
│ │ ├── arrayify-stream@1.0.0
│ │ ├── asynciterator@3.0.3 deduped
│ │ ├─┬ fetch-sparql-endpoint@1.7.0
│ │ │ ├── cross-fetch@3.0.6 deduped
│ │ │ ├── is-stream@2.0.0 deduped
│ │ │ ├── minimist@1.2.5 deduped
│ │ │ ├── n3@1.6.3 deduped
│ │ │ ├── rdf-string@1.5.0 deduped
│ │ │ ├── sparqljs@3.1.2 deduped
│ │ │ ├─┬ sparqljson-parse@1.6.0
│ │ │ │ ├── @types/node@13.13.25
│ │ │ │ ├── @types/rdf-js@4.0.0 deduped
│ │ │ │ ├─┬ JSONStream@1.3.5
│ │ │ │ │ ├── jsonparse@1.3.1 deduped
│ │ │ │ │ └── through@2.3.8
│ │ │ │ └── rdf-data-factory@1.0.3 deduped
│ │ │ ├─┬ sparqlxml-parse@1.4.0
│ │ │ │ ├── @types/node@13.13.25
│ │ │ │ ├── @types/rdf-js@4.0.0 deduped
│ │ │ │ ├── rdf-data-factory@1.0.3 deduped
│ │ │ │ └─┬ sax-stream@1.3.0
│ │ │ │   ├── debug@2.6.9 deduped
│ │ │ │   └── sax@1.2.4 deduped
│ │ │ ├── stream-to-string@1.2.0 deduped
│ │ │ └── web-streams-node@0.4.0 deduped
│ │ ├── rdf-string@1.5.0 deduped
│ │ ├── rdf-terms@1.6.2 deduped
│ │ └── sparqlalgebrajs@2.4.0 deduped
│ ├─┬ @comunica/actor-query-operation-union@1.17.0
│ │ ├── asynciterator@3.0.3 deduped
│ │ └── sparqlalgebrajs@2.4.0 deduped
│ ├─┬ @comunica/actor-query-operation-values@1.17.0
│ │ ├── asynciterator@3.0.3 deduped
│ │ ├── rdf-string@1.5.0 deduped
│ │ └── sparqlalgebrajs@2.4.0 deduped
│ ├─┬ @comunica/actor-rdf-dereference-http-parse@1.17.0
│ │ ├── cross-fetch@3.0.6 deduped
│ │ └── relative-to-absolute-iri@1.0.6
│ ├─┬ @comunica/actor-rdf-join-multi-smallest@1.17.0
│ │ ├── @comunica/bus-query-operation@1.17.0 deduped
│ │ └── @comunica/mediatortype-iterations@1.17.0
│ ├─┬ @comunica/actor-rdf-join-nestedloop@1.17.0
│ │ └─┬ asyncjoin@1.0.1
│ │   └── asynciterator@3.0.3 deduped
│ ├─┬ @comunica/actor-rdf-join-symmetrichash@1.17.0
│ │ └── asyncjoin@1.0.1 deduped
│ ├─┬ @comunica/actor-rdf-metadata-all@1.17.0
│ │ └── @types/rdf-js@4.0.0 deduped
│ ├─┬ @comunica/actor-rdf-metadata-extract-hydra-controls@1.17.0
│ │ ├── @types/rdf-js@4.0.0 deduped
│ │ ├── @types/uritemplate@0.3.4
│ │ └── uritemplate@0.3.4
│ ├── @comunica/actor-rdf-metadata-extract-hydra-count@1.17.0
│ ├─┬ @comunica/actor-rdf-metadata-extract-sparql-service@1.17.0
│ │ └── relative-to-absolute-iri@1.0.6 deduped
│ ├─┬ @comunica/actor-rdf-metadata-primary-topic@1.17.0
│ │ └── @types/rdf-js@4.0.0 deduped
│ ├─┬ @comunica/actor-rdf-parse-html@1.17.0
│ │ ├── @comunica/bus-rdf-parse-html@1.17.0 deduped
│ │ ├── @types/rdf-js@4.0.0 deduped
│ │ └─┬ htmlparser2@4.1.0
│ │   ├── domelementtype@2.0.2
│ │   ├─┬ domhandler@3.3.0
│ │   │ └── domelementtype@2.0.2 deduped
│ │   ├─┬ domutils@2.4.2
│ │   │ ├─┬ dom-serializer@1.1.0
│ │   │ │ ├── domelementtype@2.0.2 deduped
│ │   │ │ ├── domhandler@3.3.0 deduped
│ │   │ │ └── entities@2.0.3 deduped
│ │   │ ├── domelementtype@2.0.2 deduped
│ │   │ └── domhandler@3.3.0 deduped
│ │   └── entities@2.0.3
│ ├─┬ @comunica/actor-rdf-parse-html-rdfa@1.17.0
│ │ └─┬ rdfa-streaming-parser@1.3.0
│ │   ├── @types/rdf-js@4.0.0 deduped
│ │   ├── htmlparser2@4.1.0 deduped
│ │   ├── rdf-data-factory@1.0.3 deduped
│ │   └── relative-to-absolute-iri@1.0.6 deduped
│ ├─┬ @comunica/actor-rdf-parse-html-script@1.17.0
│ │ ├── @comunica/bus-rdf-parse-html@1.17.0 deduped
│ │ ├── @types/rdf-js@4.0.0 deduped
│ │ └── relative-to-absolute-iri@1.0.6 deduped
│ ├─┬ @comunica/actor-rdf-parse-jsonld@1.17.0
│ │ ├── @types/rdf-js@4.0.0 deduped
│ │ ├─┬ jsonld-context-parser@2.1.1
│ │ │ ├── @types/http-link-header@1.0.1
│ │ │ ├── @types/node@13.13.25
│ │ │ ├── canonicalize@1.0.3 deduped
│ │ │ ├── cross-fetch@3.0.6 deduped
│ │ │ ├── http-link-header@1.0.3
│ │ │ └── relative-to-absolute-iri@1.0.6 deduped
│ │ ├─┬ jsonld-streaming-parser@2.1.0
│ │ │ ├── @types/http-link-header@1.0.1 deduped
│ │ │ ├── @types/rdf-js@4.0.0 deduped
│ │ │ ├── canonicalize@1.0.3 deduped
│ │ │ ├── http-link-header@1.0.3 deduped
│ │ │ ├── jsonld-context-parser@2.1.1 deduped
│ │ │ ├── jsonparse@1.3.1
│ │ │ └── rdf-data-factory@1.0.3 deduped
│ │ └─┬ stream-to-string@1.2.0
│ │   └── promise-polyfill@1.1.6
│ ├─┬ @comunica/actor-rdf-parse-n3@1.17.0
│ │ ├─┬ @types/n3@1.4.4
│ │ │ ├── @types/node@14.11.8 deduped
│ │ │ └── @types/rdf-js@4.0.0 deduped
│ │ └─┬ n3@1.6.3
│ │   ├── queue-microtask@1.1.4
│ │   └─┬ readable-stream@3.6.0
│ │     ├── inherits@2.0.4 deduped
│ │     ├── string_decoder@1.3.0 deduped
│ │     └── util-deprecate@1.0.2
│ ├─┬ @comunica/actor-rdf-parse-rdfxml@1.17.0
│ │ └─┬ rdfxml-streaming-parser@1.4.0
│ │   ├── @types/rdf-js@4.0.0 deduped
│ │   ├── rdf-data-factory@1.0.3 deduped
│ │   ├── relative-to-absolute-iri@1.0.6 deduped
│ │   └── sax@1.2.4
│ ├─┬ @comunica/actor-rdf-parse-xml-rdfa@1.17.0
│ │ └── rdfa-streaming-parser@1.3.0 deduped
│ ├── @comunica/actor-rdf-resolve-hypermedia-links-next@1.17.0
│ ├─┬ @comunica/actor-rdf-resolve-hypermedia-none@1.17.0
│ │ ├── @comunica/actor-rdf-resolve-quad-pattern-rdfjs-source@1.17.0 deduped
│ │ ├── @types/rdf-js@4.0.0 deduped
│ │ └─┬ rdf-store-stream@1.1.0
│ │   ├── @types/rdf-js@4.0.0 deduped
│ │   └── n3@1.6.3 deduped
│ ├─┬ @comunica/actor-rdf-resolve-hypermedia-qpf@1.17.0
│ │ ├── @comunica/bus-rdf-dereference@1.17.0 deduped
│ │ ├── @types/rdf-js@4.0.0 deduped
│ │ ├── asynciterator@3.0.3 deduped
│ │ ├── rdf-data-factory@1.0.3 deduped
│ │ ├── rdf-string@1.5.0 deduped
│ │ └── rdf-terms@1.6.2 deduped
│ ├─┬ @comunica/actor-rdf-resolve-hypermedia-sparql@1.17.0
│ │ ├─┬ @comunica/actor-rdf-resolve-quad-pattern-sparql-json@1.17.0
│ │ │ ├── @types/rdf-js@4.0.0 deduped
│ │ │ ├── asynciterator@3.0.3 deduped
│ │ │ ├── rdf-data-factory@1.0.3 deduped
│ │ │ ├── rdf-terms@1.6.2 deduped
│ │ │ ├── sparqlalgebrajs@2.4.0 deduped
│ │ │ └── sparqljson-parse@1.6.0 deduped
│ │ ├── @comunica/bus-query-operation@1.17.0 deduped
│ │ ├── @comunica/bus-rdf-resolve-quad-pattern@1.17.0 deduped
│ │ ├── @types/rdf-js@4.0.0 deduped
│ │ ├── asynciterator@3.0.3 deduped
│ │ ├── rdf-data-factory@1.0.3 deduped
│ │ ├── rdf-terms@1.6.2 deduped
│ │ └── sparqlalgebrajs@2.4.0 deduped
│ ├─┬ @comunica/actor-rdf-resolve-quad-pattern-federated@1.17.0
│ │ ├── @comunica/data-factory@1.17.0 deduped
│ │ ├── @types/rdf-js@4.0.0 deduped
│ │ ├── asynciterator@3.0.3 deduped
│ │ ├── rdf-data-factory@1.0.3 deduped
│ │ ├── rdf-terms@1.6.2 deduped
│ │ └── sparqlalgebrajs@2.4.0 deduped
│ ├─┬ @comunica/actor-rdf-resolve-quad-pattern-hypermedia@1.17.0
│ │ ├── @comunica/bus-rdf-metadata@1.17.0 deduped
│ │ ├── @comunica/bus-rdf-metadata-extract@1.17.0 deduped
│ │ ├── @comunica/utils-datasource@1.17.0 deduped
│ │ ├── @types/lru-cache@5.1.0 deduped
│ │ ├── @types/rdf-js@4.0.0 deduped
│ │ ├── asynciterator@3.0.3 deduped
│ │ ├── lru-cache@6.0.0 deduped
│ │ ├── rdf-data-factory@1.0.3 deduped
│ │ ├── rdf-string@1.5.0 deduped
│ │ ├── rdf-terms@1.6.2 deduped
│ │ └── sparqlalgebrajs@2.4.0 deduped
│ ├─┬ @comunica/actor-rdf-resolve-quad-pattern-rdfjs-source@1.17.0
│ │ ├── @types/rdf-js@4.0.0 deduped
│ │ └── asynciterator@3.0.3 deduped
│ ├─┬ @comunica/actor-rdf-serialize-jsonld@1.17.0
│ │ └─┬ jsonld-streaming-serializer@1.2.0
│ │   ├── @types/rdf-js@4.0.0 deduped
│ │   └── jsonld-context-parser@2.1.1 deduped
│ ├─┬ @comunica/actor-rdf-serialize-n3@1.17.0
│ │ ├── @types/n3@1.4.4 deduped
│ │ ├── @types/rdf-js@4.0.0 deduped
│ │ ├── n3@1.6.3 deduped
│ │ └── rdf-string@1.5.0 deduped
│ ├─┬ @comunica/actor-sparql-parse-algebra@1.17.0
│ │ ├─┬ @types/sparqljs@3.1.0
│ │ │ └── @types/rdf-js@4.0.0 deduped
│ │ ├── rdf-string@1.5.0 deduped
│ │ ├── sparqlalgebrajs@2.4.0 deduped
│ │ └─┬ sparqljs@3.1.2
│ │   └── n3@1.6.3 deduped
│ ├─┬ @comunica/actor-sparql-parse-graphql@1.17.0
│ │ └─┬ graphql-to-sparql@2.2.0
│ │   ├── @types/rdf-js@4.0.0 deduped
│ │   ├── graphql@15.3.0
│ │   ├── jsonld-context-parser@2.1.1 deduped
│ │   ├── minimist@1.2.5 deduped
│ │   ├── rdf-data-factory@1.0.3 deduped
│ │   └── sparqlalgebrajs@2.4.0 deduped
│ ├─┬ @comunica/actor-sparql-serialize-json@1.17.0
│ │ ├── @types/rdf-js@4.0.0 deduped
│ │ └── rdf-string@1.5.0 deduped
│ ├── @comunica/actor-sparql-serialize-rdf@1.17.0
│ ├─┬ @comunica/actor-sparql-serialize-simple@1.17.0
│ │ └── @types/rdf-js@4.0.0 deduped
│ ├─┬ @comunica/actor-sparql-serialize-sparql-csv@1.17.0
│ │ ├── @comunica/bus-query-operation@1.17.0 deduped
│ │ └── @types/rdf-js@4.0.0 deduped
│ ├─┬ @comunica/actor-sparql-serialize-sparql-json@1.17.0
│ │ └── @types/rdf-js@4.0.0 deduped
│ ├─┬ @comunica/actor-sparql-serialize-sparql-tsv@1.17.0
│ │ ├── @comunica/bus-query-operation@1.17.0 deduped
│ │ ├── @types/rdf-js@4.0.0 deduped
│ │ └─┬ rdf-string-ttl@1.1.0
│ │   └── rdf-data-factory@1.0.3 deduped
│ ├─┬ @comunica/actor-sparql-serialize-sparql-xml@1.17.0
│ │ ├── @types/rdf-js@4.0.0 deduped
│ │ ├─┬ @types/xml@1.0.5
│ │ │ └── @types/node@14.11.8 deduped
│ │ └── xml@1.0.1
│ ├─┬ @comunica/actor-sparql-serialize-stats@1.17.0
│ │ └── @types/rdf-js@4.0.0 deduped
│ ├─┬ @comunica/actor-sparql-serialize-table@1.17.0
│ │ ├── @types/rdf-js@4.0.0 deduped
│ │ └── rdf-terms@1.6.2 deduped
│ ├─┬ @comunica/actor-sparql-serialize-tree@1.17.0
│ │ ├── @types/rdf-js@4.0.0 deduped
│ │ └─┬ sparqljson-to-tree@2.1.0
│ │   ├── rdf-literal@1.2.0 deduped
│ │   └── sparqljson-parse@1.6.0 deduped
│ ├── @comunica/bus-context-preprocess@1.17.0
│ ├─┬ @comunica/bus-http@1.17.0
│ │ ├── is-stream@2.0.0
│ │ └─┬ web-streams-node@0.4.0
│ │   ├── is-stream@1.1.0
│ │   ├── readable-stream-node-to-web@1.0.1
│ │   └── web-streams-ponyfill@1.4.2
│ ├── @comunica/bus-http-invalidate@1.17.0
│ ├── @comunica/bus-init@1.17.0
│ ├─┬ @comunica/bus-optimize-query-operation@1.17.0
│ │ └── sparqlalgebrajs@2.4.0 deduped
│ ├─┬ @comunica/bus-query-operation@1.17.0
│ │ ├── @types/rdf-js@4.0.0 deduped
│ │ ├── asynciterator@3.0.3 deduped
│ │ ├── immutable@3.8.2
│ │ ├── rdf-string@1.5.0 deduped
│ │ └── sparqlalgebrajs@2.4.0 deduped
│ ├─┬ @comunica/bus-rdf-dereference@1.17.0
│ │ └── @types/rdf-js@4.0.0 deduped
│ ├─┬ @comunica/bus-rdf-dereference-paged@1.17.0
│ │ ├── @types/rdf-js@4.0.0 deduped
│ │ └── asynciterator@3.0.3 deduped
│ ├─┬ @comunica/bus-rdf-join@1.17.0
│ │ ├── @types/rdf-js@4.0.0 deduped
│ │ └── asynciterator@3.0.3 deduped
│ ├─┬ @comunica/bus-rdf-metadata@1.17.0
│ │ └── @types/rdf-js@4.0.0 deduped
│ ├─┬ @comunica/bus-rdf-metadata-extract@1.17.0
│ │ ├── @types/rdf-js@4.0.0 deduped
│ │ ├─┬ graphql-ld@1.2.0
│ │ │ ├── @types/rdf-js@4.0.0 deduped
│ │ │ ├── graphql-to-sparql@2.2.0 deduped
│ │ │ ├── jsonld-context-parser@2.1.1 deduped
│ │ │ ├── sparqlalgebrajs@2.4.0 deduped
│ │ │ └── sparqljson-to-tree@2.1.0 deduped
│ │ ├── rdf-store-stream@1.1.0 deduped
│ │ ├── sparqlalgebrajs@2.4.0 deduped
│ │ └── stream-to-string@1.2.0 deduped
│ ├─┬ @comunica/bus-rdf-parse@1.17.0
│ │ ├── @comunica/actor-abstract-mediatyped@1.17.0 deduped
│ │ └── @types/rdf-js@4.0.0 deduped
│ ├─┬ @comunica/bus-rdf-parse-html@1.17.0
│ │ └── @types/rdf-js@4.0.0 deduped
│ ├─┬ @comunica/bus-rdf-resolve-hypermedia@1.17.0
│ │ ├── @comunica/bus-rdf-resolve-quad-pattern@1.17.0 deduped
│ │ ├── @types/rdf-js@4.0.0 deduped
│ │ └── asynciterator@3.0.3 deduped
│ ├── @comunica/bus-rdf-resolve-hypermedia-links@1.17.0
│ ├─┬ @comunica/bus-rdf-resolve-quad-pattern@1.17.0
│ │ ├── @types/rdf-js@4.0.0 deduped
│ │ ├── asynciterator@3.0.3 deduped
│ │ └── sparqlalgebrajs@2.4.0 deduped
│ ├─┬ @comunica/bus-rdf-serialize@1.17.0
│ │ ├── @comunica/actor-abstract-mediatyped@1.17.0 deduped
│ │ └── @types/rdf-js@4.0.0 deduped
│ ├─┬ @comunica/bus-sparql-parse@1.17.0
│ │ └── sparqlalgebrajs@2.4.0 deduped
│ ├─┬ @comunica/bus-sparql-serialize@1.17.0
│ │ └── @comunica/actor-abstract-mediatyped@1.17.0 deduped
│ ├─┬ @comunica/core@1.17.0
│ │ └── immutable@3.8.2 deduped
│ ├── @comunica/logger-pretty@1.17.0
│ ├── @comunica/logger-void@1.17.0
│ ├── @comunica/mediator-all@1.17.0
│ ├── @comunica/mediator-combine-pipeline@1.17.0
│ ├── @comunica/mediator-combine-union@1.17.0
│ ├── @comunica/mediator-number@1.17.0
│ ├── @comunica/mediator-race@1.17.0
│ ├─┬ @comunica/runner@1.17.0
│ │ └─┬ componentsjs@3.6.0
│ │   ├── @types/lodash@4.14.161
│ │   ├── @types/minimist@1.2.0 deduped
│ │   ├─┬ @types/n3@0.0.3
│ │   │ └── @types/node@8.10.21 deduped
│ │   ├── @types/node@8.10.21
│ │   ├─┬ global-modules@1.0.0
│ │   │ ├─┬ global-prefix@1.0.2
│ │   │ │ ├─┬ expand-tilde@2.0.2
│ │   │ │ │ └── homedir-polyfill@1.0.3 deduped
│ │   │ │ ├─┬ homedir-polyfill@1.0.3
│ │   │ │ │ └── parse-passwd@1.0.0
│ │   │ │ ├── ini@1.3.5
│ │   │ │ ├── is-windows@1.0.2 deduped
│ │   │ │ └─┬ which@1.3.1
│ │   │ │   └── isexe@2.0.0 deduped
│ │   │ ├── is-windows@1.0.2
│ │   │ └─┬ resolve-dir@1.0.1
│ │   │   ├── expand-tilde@2.0.2 deduped
│ │   │   └── global-modules@1.0.0 deduped
│ │   ├─┬ jsonld@0.4.12
│ │   │ ├── es6-promise@2.3.0
│ │   │ ├── pkginfo@0.4.1
│ │   │ ├─┬ request@2.88.2
│ │   │ │ ├── aws-sign2@0.7.0
│ │   │ │ ├── aws4@1.10.1
│ │   │ │ ├── caseless@0.12.0
│ │   │ │ ├─┬ combined-stream@1.0.8
│ │   │ │ │ └── delayed-stream@1.0.0
│ │   │ │ ├── extend@3.0.2
│ │   │ │ ├── forever-agent@0.6.1
│ │   │ │ ├─┬ form-data@2.3.3
│ │   │ │ │ ├── asynckit@0.4.0
│ │   │ │ │ ├── combined-stream@1.0.8 deduped
│ │   │ │ │ └── mime-types@2.1.27 deduped
│ │   │ │ ├─┬ har-validator@5.1.5
│ │   │ │ │ ├── ajv@6.12.6 deduped
│ │   │ │ │ └── har-schema@2.0.0
│ │   │ │ ├─┬ http-signature@1.2.0
│ │   │ │ │ ├── assert-plus@1.0.0
│ │   │ │ │ ├─┬ jsprim@1.4.1
│ │   │ │ │ │ ├── assert-plus@1.0.0 deduped
│ │   │ │ │ │ ├── extsprintf@1.3.0
│ │   │ │ │ │ ├── json-schema@0.2.3
│ │   │ │ │ │ └─┬ verror@1.10.0
│ │   │ │ │ │   ├── assert-plus@1.0.0 deduped
│ │   │ │ │ │   ├── core-util-is@1.0.2 deduped
│ │   │ │ │ │   └── extsprintf@1.3.0 deduped
│ │   │ │ │ └─┬ sshpk@1.16.1
│ │   │ │ │   ├─┬ asn1@0.2.4
│ │   │ │ │   │ └── safer-buffer@2.1.2 deduped
│ │   │ │ │   ├── assert-plus@1.0.0 deduped
│ │   │ │ │   ├─┬ bcrypt-pbkdf@1.0.2
│ │   │ │ │   │ └── tweetnacl@0.14.5 deduped
│ │   │ │ │   ├─┬ dashdash@1.14.1
│ │   │ │ │   │ └── assert-plus@1.0.0 deduped
│ │   │ │ │   ├─┬ ecc-jsbn@0.1.2
│ │   │ │ │   │ ├── jsbn@0.1.1 deduped
│ │   │ │ │   │ └── safer-buffer@2.1.2 deduped
│ │   │ │ │   ├─┬ getpass@0.1.7
│ │   │ │ │   │ └── assert-plus@1.0.0 deduped
│ │   │ │ │   ├── jsbn@0.1.1
│ │   │ │ │   ├── safer-buffer@2.1.2 deduped
│ │   │ │ │   └── tweetnacl@0.14.5
│ │   │ │ ├── is-typedarray@1.0.0
│ │   │ │ ├── isstream@0.1.2
│ │   │ │ ├── json-stringify-safe@5.0.1
│ │   │ │ ├── mime-types@2.1.27 deduped
│ │   │ │ ├── oauth-sign@0.9.0
│ │   │ │ ├── performance-now@2.1.0
│ │   │ │ ├── qs@6.5.2
│ │   │ │ ├── safe-buffer@5.2.1 deduped
│ │   │ │ ├─┬ tough-cookie@2.5.0
│ │   │ │ │ ├── psl@1.8.0
│ │   │ │ │ └── punycode@2.1.1 deduped
│ │   │ │ ├─┬ tunnel-agent@0.6.0
│ │   │ │ │ └── safe-buffer@5.2.1 deduped
│ │   │ │ └── uuid@3.4.0
│ │   │ └── xmldom@0.1.19
│ │   ├── lodash@4.17.20 deduped
│ │   ├── minimist@1.2.5 deduped
│ │   ├── n3@0.9.1
│ │   └─┬ requireg@0.1.8
│ │     ├── nested-error-stacks@2.0.1
│ │     ├─┬ rc@1.2.8
│ │     │ ├── deep-extend@0.6.0 deduped
│ │     │ ├── ini@1.3.5 deduped
│ │     │ ├── minimist@1.2.5 deduped
│ │     │ └── strip-json-comments@2.0.1
│ │     └─┬ resolve@1.7.1
│ │       └── path-parse@1.0.6 deduped
│ ├─┬ @comunica/runner-cli@1.17.0
│ │ └── @comunica/runner@1.17.0 deduped
│ ├── @types/minimist@1.2.0
│ ├─┬ @types/rdf-js@4.0.0
│ │ └── @types/node@14.11.8
│ ├── asynciterator@3.0.3
│ ├── minimist@1.2.5
│ ├── negotiate@1.0.1
│ ├─┬ rdf-quad@1.5.0
│ │ ├── rdf-data-factory@1.0.3 deduped
│ │ ├─┬ rdf-literal@1.2.0
│ │ │ ├── @types/rdf-js@4.0.0 deduped
│ │ │ └── rdf-data-factory@1.0.3 deduped
│ │ └── rdf-string@1.5.0 deduped
│ ├─┬ rdf-string@1.5.0
│ │ └── rdf-data-factory@1.0.3 deduped
│ ├─┬ rdf-terms@1.6.2
│ │ ├── lodash.uniqwith@4.5.0
│ │ └── rdf-data-factory@1.0.3 deduped
│ ├─┬ sparqlalgebrajs@2.4.0
│ │ ├── fast-deep-equal@3.1.3
│ │ ├── minimist@1.2.5 deduped
│ │ ├── rdf-data-factory@1.0.3 deduped
│ │ ├── rdf-string@1.5.0 deduped
│ │ └── sparqljs@3.1.2 deduped
│ └── streamify-string@1.0.1
├── typescript@4.0.3
├─┬ webpack@5.0.0
│ ├─┬ @types/eslint-scope@3.7.0
│ │ ├─┬ @types/eslint@7.2.4
│ │ │ ├── @types/estree@0.0.45 deduped
│ │ │ └── @types/json-schema@7.0.6 deduped
│ │ └── @types/estree@0.0.45 deduped
│ ├── @types/estree@0.0.45
│ ├─┬ @webassemblyjs/ast@1.9.0
│ │ ├── @webassemblyjs/helper-module-context@1.9.0 deduped
│ │ ├── @webassemblyjs/helper-wasm-bytecode@1.9.0
│ │ └─┬ @webassemblyjs/wast-parser@1.9.0
│ │   ├── @webassemblyjs/ast@1.9.0 deduped
│ │   ├── @webassemblyjs/floating-point-hex-parser@1.9.0
│ │   ├── @webassemblyjs/helper-api-error@1.9.0 deduped
│ │   ├─┬ @webassemblyjs/helper-code-frame@1.9.0
│ │   │ └── @webassemblyjs/wast-printer@1.9.0 deduped
│ │   ├── @webassemblyjs/helper-fsm@1.9.0
│ │   └── @xtuc/long@4.2.2
│ ├─┬ @webassemblyjs/helper-module-context@1.9.0
│ │ └── @webassemblyjs/ast@1.9.0 deduped
│ ├─┬ @webassemblyjs/wasm-edit@1.9.0
│ │ ├── @webassemblyjs/ast@1.9.0 deduped
│ │ ├── @webassemblyjs/helper-buffer@1.9.0
│ │ ├── @webassemblyjs/helper-wasm-bytecode@1.9.0 deduped
│ │ ├─┬ @webassemblyjs/helper-wasm-section@1.9.0
│ │ │ ├── @webassemblyjs/ast@1.9.0 deduped
│ │ │ ├── @webassemblyjs/helper-buffer@1.9.0 deduped
│ │ │ ├── @webassemblyjs/helper-wasm-bytecode@1.9.0 deduped
│ │ │ └── @webassemblyjs/wasm-gen@1.9.0 deduped
│ │ ├─┬ @webassemblyjs/wasm-gen@1.9.0
│ │ │ ├── @webassemblyjs/ast@1.9.0 deduped
│ │ │ ├── @webassemblyjs/helper-wasm-bytecode@1.9.0 deduped
│ │ │ ├── @webassemblyjs/ieee754@1.9.0 deduped
│ │ │ ├── @webassemblyjs/leb128@1.9.0 deduped
│ │ │ └── @webassemblyjs/utf8@1.9.0 deduped
│ │ ├─┬ @webassemblyjs/wasm-opt@1.9.0
│ │ │ ├── @webassemblyjs/ast@1.9.0 deduped
│ │ │ ├── @webassemblyjs/helper-buffer@1.9.0 deduped
│ │ │ ├── @webassemblyjs/wasm-gen@1.9.0 deduped
│ │ │ └── @webassemblyjs/wasm-parser@1.9.0 deduped
│ │ ├── @webassemblyjs/wasm-parser@1.9.0 deduped
│ │ └─┬ @webassemblyjs/wast-printer@1.9.0
│ │   ├── @webassemblyjs/ast@1.9.0 deduped
│ │   ├── @webassemblyjs/wast-parser@1.9.0 deduped
│ │   └── @xtuc/long@4.2.2 deduped
│ ├─┬ @webassemblyjs/wasm-parser@1.9.0
│ │ ├── @webassemblyjs/ast@1.9.0 deduped
│ │ ├── @webassemblyjs/helper-api-error@1.9.0
│ │ ├── @webassemblyjs/helper-wasm-bytecode@1.9.0 deduped
│ │ ├─┬ @webassemblyjs/ieee754@1.9.0
│ │ │ └── @xtuc/ieee754@1.2.0
│ │ ├─┬ @webassemblyjs/leb128@1.9.0
│ │ │ └── @xtuc/long@4.2.2 deduped
│ │ └── @webassemblyjs/utf8@1.9.0
│ ├── acorn@8.0.4
│ ├─┬ browserslist@4.14.5
│ │ ├── caniuse-lite@1.0.30001148
│ │ ├── electron-to-chromium@1.3.578
│ │ ├── escalade@3.1.1
│ │ └── node-releases@1.1.61
│ ├─┬ chrome-trace-event@1.0.2
│ │ └── tslib@1.14.1
│ ├─┬ enhanced-resolve@5.2.0
│ │ ├── graceful-fs@4.2.4 deduped
│ │ └── tapable@2.0.0 deduped
│ ├─┬ eslint-scope@5.1.1
│ │ ├─┬ esrecurse@4.3.0
│ │ │ └── estraverse@5.2.0
│ │ └── estraverse@4.3.0
│ ├── events@3.2.0
│ ├── glob-to-regexp@0.4.1
│ ├── graceful-fs@4.2.4
│ ├── json-parse-better-errors@1.0.2
│ ├── loader-runner@4.1.0
│ ├─┬ mime-types@2.1.27
│ │ └── mime-db@1.44.0
│ ├── neo-async@2.6.2
│ ├─┬ pkg-dir@4.2.0
│ │ └─┬ find-up@4.1.0
│ │   ├─┬ locate-path@5.0.0
│ │   │ └─┬ p-locate@4.1.0
│ │   │   └─┬ p-limit@2.3.0
│ │   │     └── p-try@2.2.0 deduped
│ │   └── path-exists@4.0.0
│ ├─┬ schema-utils@3.0.0
│ │ ├── @types/json-schema@7.0.6
│ │ ├─┬ ajv@6.12.6
│ │ │ ├── fast-deep-equal@3.1.3 deduped
│ │ │ ├── fast-json-stable-stringify@2.1.0
│ │ │ ├── json-schema-traverse@0.4.1
│ │ │ └─┬ uri-js@4.4.0
│ │ │   └── punycode@2.1.1
│ │ └── ajv-keywords@3.5.2
│ ├── tapable@2.0.0
│ ├─┬ terser-webpack-plugin@4.2.3
│ │ ├─┬ cacache@15.0.5
│ │ │ ├─┬ @npmcli/move-file@1.0.1
│ │ │ │ └── mkdirp@1.0.4 deduped
│ │ │ ├── chownr@2.0.0
│ │ │ ├─┬ fs-minipass@2.1.0
│ │ │ │ └── minipass@3.1.3 deduped
│ │ │ ├─┬ glob@7.1.6
│ │ │ │ ├── fs.realpath@1.0.0
│ │ │ │ ├─┬ inflight@1.0.6
│ │ │ │ │ ├── once@1.4.0 deduped
│ │ │ │ │ └── wrappy@1.0.2
│ │ │ │ ├── inherits@2.0.4 deduped
│ │ │ │ ├─┬ minimatch@3.0.4
│ │ │ │ │ └─┬ brace-expansion@1.1.11
│ │ │ │ │   ├── balanced-match@1.0.0
│ │ │ │ │   └── concat-map@0.0.1
│ │ │ │ ├─┬ once@1.4.0
│ │ │ │ │ └── wrappy@1.0.2 deduped
│ │ │ │ └── path-is-absolute@1.0.1
│ │ │ ├── infer-owner@1.0.4
│ │ │ ├── lru-cache@6.0.0 deduped
│ │ │ ├─┬ minipass@3.1.3
│ │ │ │ └── yallist@4.0.0 deduped
│ │ │ ├─┬ minipass-collect@1.0.2
│ │ │ │ └── minipass@3.1.3 deduped
│ │ │ ├─┬ minipass-flush@1.0.5
│ │ │ │ └── minipass@3.1.3 deduped
│ │ │ ├─┬ minipass-pipeline@1.2.4
│ │ │ │ └── minipass@3.1.3 deduped
│ │ │ ├── mkdirp@1.0.4
│ │ │ ├─┬ p-map@4.0.0
│ │ │ │ └─┬ aggregate-error@3.1.0
│ │ │ │   ├── clean-stack@2.2.0
│ │ │ │   └── indent-string@4.0.0
│ │ │ ├── promise-inflight@1.0.1
│ │ │ ├─┬ rimraf@3.0.2
│ │ │ │ └── glob@7.1.6 deduped
│ │ │ ├─┬ ssri@8.0.0
│ │ │ │ └── minipass@3.1.3 deduped
│ │ │ ├─┬ tar@6.0.5
│ │ │ │ ├── chownr@2.0.0 deduped
│ │ │ │ ├── fs-minipass@2.1.0 deduped
│ │ │ │ ├── minipass@3.1.3 deduped
│ │ │ │ ├─┬ minizlib@2.1.2
│ │ │ │ │ ├── minipass@3.1.3 deduped
│ │ │ │ │ └── yallist@4.0.0 deduped
│ │ │ │ ├── mkdirp@1.0.4 deduped
│ │ │ │ └── yallist@4.0.0 deduped
│ │ │ └─┬ unique-filename@1.1.1
│ │ │   └─┬ unique-slug@2.0.2
│ │ │     └── imurmurhash@0.1.4
│ │ ├─┬ find-cache-dir@3.3.1
│ │ │ ├── commondir@1.0.1
│ │ │ ├─┬ make-dir@3.1.0
│ │ │ │ └── semver@6.3.0
│ │ │ └── pkg-dir@4.2.0 deduped
│ │ ├─┬ jest-worker@26.5.0
│ │ │ ├── @types/node@14.11.8 deduped
│ │ │ ├── merge-stream@2.0.0 deduped
│ │ │ └─┬ supports-color@7.2.0
│ │ │   └── has-flag@4.0.0
│ │ ├─┬ p-limit@3.0.2
│ │ │ └── p-try@2.2.0
│ │ ├── schema-utils@3.0.0 deduped
│ │ ├─┬ serialize-javascript@5.0.1
│ │ │ └─┬ randombytes@2.1.0
│ │ │   └── safe-buffer@5.2.1
│ │ ├── source-map@0.6.1
│ │ ├─┬ terser@5.3.5
│ │ │ ├── commander@2.20.3 deduped
│ │ │ ├── source-map@0.7.3
│ │ │ └─┬ source-map-support@0.5.19
│ │ │   ├── buffer-from@1.1.1
│ │ │   └── source-map@0.6.1 deduped
│ │ └─┬ webpack-sources@1.4.3
│ │   ├── source-list-map@2.0.1 deduped
│ │   └── source-map@0.6.1 deduped
│ ├─┬ watchpack@2.0.0
│ │ ├── glob-to-regexp@0.4.1 deduped
│ │ └── graceful-fs@4.2.4 deduped
│ └─┬ webpack-sources@2.0.1
│   ├── source-list-map@2.0.1
│   └── source-map@0.6.1 deduped
├─┬ webpack-bundle-analyzer@3.9.0
│ ├── acorn@7.4.1
│ ├── acorn-walk@7.2.0
│ ├─┬ bfj@6.1.2
│ │ ├── bluebird@3.7.2
│ │ ├── check-types@8.0.3
│ │ ├── hoopy@0.1.4
│ │ └── tryer@1.0.1
│ ├─┬ chalk@2.4.2
│ │ ├─┬ ansi-styles@3.2.1
│ │ │ └─┬ color-convert@1.9.3
│ │ │   └── color-name@1.1.3
│ │ ├── escape-string-regexp@1.0.5
│ │ └─┬ supports-color@5.5.0
│ │   └── has-flag@3.0.0
│ ├── commander@2.20.3
│ ├── ejs@2.7.4
│ ├─┬ express@4.17.1
│ │ ├─┬ accepts@1.3.7
│ │ │ ├── mime-types@2.1.27 deduped
│ │ │ └── negotiator@0.6.2
│ │ ├── array-flatten@1.1.1
│ │ ├─┬ body-parser@1.19.0
│ │ │ ├── bytes@3.1.0
│ │ │ ├── content-type@1.0.4 deduped
│ │ │ ├── debug@2.6.9 deduped
│ │ │ ├── depd@1.1.2 deduped
│ │ │ ├─┬ http-errors@1.7.2
│ │ │ │ ├── depd@1.1.2 deduped
│ │ │ │ ├── inherits@2.0.3
│ │ │ │ ├── setprototypeof@1.1.1 deduped
│ │ │ │ ├── statuses@1.5.0 deduped
│ │ │ │ └── toidentifier@1.0.0
│ │ │ ├─┬ iconv-lite@0.4.24
│ │ │ │ └── safer-buffer@2.1.2
│ │ │ ├── on-finished@2.3.0 deduped
│ │ │ ├── qs@6.7.0
│ │ │ ├─┬ raw-body@2.4.0
│ │ │ │ ├── bytes@3.1.0 deduped
│ │ │ │ ├── http-errors@1.7.2 deduped
│ │ │ │ ├── iconv-lite@0.4.24 deduped
│ │ │ │ └── unpipe@1.0.0 deduped
│ │ │ └── type-is@1.6.18 deduped
│ │ ├─┬ content-disposition@0.5.3
│ │ │ └── safe-buffer@5.1.2
│ │ ├── content-type@1.0.4
│ │ ├── cookie@0.4.0
│ │ ├── cookie-signature@1.0.6
│ │ ├─┬ debug@2.6.9
│ │ │ └── ms@2.0.0
│ │ ├── depd@1.1.2
│ │ ├── encodeurl@1.0.2
│ │ ├── escape-html@1.0.3
│ │ ├── etag@1.8.1
│ │ ├─┬ finalhandler@1.1.2
│ │ │ ├── debug@2.6.9 deduped
│ │ │ ├── encodeurl@1.0.2 deduped
│ │ │ ├── escape-html@1.0.3 deduped
│ │ │ ├── on-finished@2.3.0 deduped
│ │ │ ├── parseurl@1.3.3 deduped
│ │ │ ├── statuses@1.5.0 deduped
│ │ │ └── unpipe@1.0.0
│ │ ├── fresh@0.5.2
│ │ ├── merge-descriptors@1.0.1
│ │ ├── methods@1.1.2
│ │ ├─┬ on-finished@2.3.0
│ │ │ └── ee-first@1.1.1
│ │ ├── parseurl@1.3.3
│ │ ├── path-to-regexp@0.1.7
│ │ ├─┬ proxy-addr@2.0.6
│ │ │ ├── forwarded@0.1.2
│ │ │ └── ipaddr.js@1.9.1
│ │ ├── qs@6.7.0
│ │ ├── range-parser@1.2.1
│ │ ├── safe-buffer@5.1.2
│ │ ├─┬ send@0.17.1
│ │ │ ├── debug@2.6.9 deduped
│ │ │ ├── depd@1.1.2 deduped
│ │ │ ├── destroy@1.0.4
│ │ │ ├── encodeurl@1.0.2 deduped
│ │ │ ├── escape-html@1.0.3 deduped
│ │ │ ├── etag@1.8.1 deduped
│ │ │ ├── fresh@0.5.2 deduped
│ │ │ ├── http-errors@1.7.2 deduped
│ │ │ ├── mime@1.6.0
│ │ │ ├── ms@2.1.1
│ │ │ ├── on-finished@2.3.0 deduped
│ │ │ ├── range-parser@1.2.1 deduped
│ │ │ └── statuses@1.5.0 deduped
│ │ ├─┬ serve-static@1.14.1
│ │ │ ├── encodeurl@1.0.2 deduped
│ │ │ ├── escape-html@1.0.3 deduped
│ │ │ ├── parseurl@1.3.3 deduped
│ │ │ └── send@0.17.1 deduped
│ │ ├── setprototypeof@1.1.1
│ │ ├── statuses@1.5.0
│ │ ├─┬ type-is@1.6.18
│ │ │ ├── media-typer@0.3.0
│ │ │ └── mime-types@2.1.27 deduped
│ │ ├── utils-merge@1.0.1
│ │ └── vary@1.1.2
│ ├── filesize@3.6.1
│ ├─┬ gzip-size@5.1.1
│ │ ├── duplexer@0.1.2
│ │ └── pify@4.0.1
│ ├── lodash@4.17.20
│ ├─┬ mkdirp@0.5.5
│ │ └── minimist@1.2.5 deduped
│ ├── opener@1.5.2
│ └─┬ ws@6.2.1
│   └── async-limiter@1.0.1
├─┬ webpack-cli@4.0.0
│ ├─┬ @webpack-cli/info@1.0.1
│ │ ├── colorette@1.2.1 deduped
│ │ ├── envinfo@7.7.3
│ │ └─┬ prettyjson@1.2.1
│ │   ├── colors@1.4.0
│ │   └── minimist@1.2.5 deduped
│ ├─┬ @webpack-cli/init@1.0.1
│ │ ├─┬ @webpack-cli/generators@1.0.1
│ │ │ ├── @webpack-cli/utils@1.0.1 deduped
│ │ │ ├─┬ @webpack-cli/webpack-scaffold@1.0.1
│ │ │ │ ├── jscodeshift@0.7.1 deduped
│ │ │ │ └── yeoman-generator@4.12.0 deduped
│ │ │ ├── colorette@1.2.1 deduped
│ │ │ ├─┬ log-symbols@4.0.0
│ │ │ │ └─┬ chalk@4.1.0
│ │ │ │   ├─┬ ansi-styles@4.3.0
│ │ │ │   │ └─┬ color-convert@2.0.1
│ │ │ │   │   └── color-name@1.1.4
│ │ │ │   └── supports-color@7.2.0 deduped
│ │ │ ├── mkdirp@1.0.4 deduped
│ │ │ └─┬ yeoman-generator@4.12.0
│ │ │   ├─┬ async@2.6.3
│ │ │   │ └── lodash@4.17.20 deduped
│ │ │   ├── chalk@2.4.2 deduped
│ │ │   ├─┬ cli-table@0.3.1
│ │ │   │ └── colors@1.0.3
│ │ │   ├─┬ cross-spawn@6.0.5
│ │ │   │ ├── nice-try@1.0.5
│ │ │   │ ├── path-key@2.0.1
│ │ │   │ ├── semver@5.7.1
│ │ │   │ ├─┬ shebang-command@1.2.0
│ │ │   │ │ └── shebang-regex@1.0.0
│ │ │   │ └── which@1.3.1 deduped
│ │ │   ├── dargs@6.1.0
│ │ │   ├── dateformat@3.0.3
│ │ │   ├─┬ debug@4.2.0
│ │ │   │ └── ms@2.1.2
│ │ │   ├── diff@4.0.2
│ │ │   ├─┬ error@7.2.1
│ │ │   │ └── string-template@0.2.1
│ │ │   ├─┬ find-up@3.0.0
│ │ │   │ └─┬ locate-path@3.0.0
│ │ │   │   ├─┬ p-locate@3.0.0
│ │ │   │   │ └── p-limit@2.3.0 deduped
│ │ │   │   └── path-exists@3.0.0
│ │ │   ├─┬ github-username@3.0.0
│ │ │   │ └─┬ gh-got@5.0.0
│ │ │   │   ├─┬ got@6.7.1
│ │ │   │   │ ├─┬ create-error-class@3.0.2
│ │ │   │   │ │ └── capture-stack-trace@1.0.1
│ │ │   │   │ ├── duplexer3@0.1.4 deduped
│ │ │   │   │ ├── get-stream@3.0.0
│ │ │   │   │ ├── is-redirect@1.0.0
│ │ │   │   │ ├── is-retry-allowed@1.2.0
│ │ │   │   │ ├── is-stream@1.1.0
│ │ │   │   │ ├── lowercase-keys@1.0.1
│ │ │   │   │ ├── safe-buffer@5.2.1 deduped
│ │ │   │   │ ├── timed-out@4.0.1
│ │ │   │   │ ├── unzip-response@2.0.1
│ │ │   │   │ └─┬ url-parse-lax@1.0.0
│ │ │   │   │   └── prepend-http@1.0.4
│ │ │   │   └── is-plain-obj@1.1.0
│ │ │   ├─┬ grouped-queue@1.1.0
│ │ │   │ └── lodash@4.17.20 deduped
│ │ │   ├─┬ istextorbinary@2.6.0
│ │ │   │ ├── binaryextensions@2.3.0
│ │ │   │ ├─┬ editions@2.3.1
│ │ │   │ │ ├── errlop@2.2.0
│ │ │   │ │ └── semver@6.3.0 deduped
│ │ │   │ └── textextensions@2.6.0
│ │ │   ├── lodash@4.17.20 deduped
│ │ │   ├── make-dir@3.1.0 deduped
│ │ │   ├─┬ mem-fs-editor@7.0.1
│ │ │   │ ├── commondir@1.0.1 deduped
│ │ │   │ ├── deep-extend@0.6.0 deduped
│ │ │   │ ├─┬ ejs@3.1.5
│ │ │   │ │ └─┬ jake@10.8.2
│ │ │   │ │   ├── async@0.9.2
│ │ │   │ │   ├── chalk@2.4.2 deduped
│ │ │   │ │   ├─┬ filelist@1.0.1
│ │ │   │ │   │ └── minimatch@3.0.4 deduped
│ │ │   │ │   └── minimatch@3.0.4 deduped
│ │ │   │ ├── glob@7.1.6 deduped
│ │ │   │ ├─┬ globby@9.2.0
│ │ │   │ │ ├─┬ @types/glob@7.1.3
│ │ │   │ │ │ ├── @types/minimatch@3.0.3 deduped
│ │ │   │ │ │ └── @types/node@14.11.8 deduped
│ │ │   │ │ ├── array-union@1.0.2 deduped
│ │ │   │ │ ├─┬ dir-glob@2.2.2
│ │ │   │ │ │ └── path-type@3.0.0 deduped
│ │ │   │ │ ├── fast-glob@2.2.7 deduped
│ │ │   │ │ ├── glob@7.1.6 deduped
│ │ │   │ │ ├── ignore@4.0.6
│ │ │   │ │ ├── pify@4.0.1 deduped
│ │ │   │ │ └── slash@2.0.0
│ │ │   │ ├── isbinaryfile@4.0.6
│ │ │   │ ├── mkdirp@1.0.4 deduped
│ │ │   │ ├─┬ multimatch@4.0.0
│ │ │   │ │ ├── @types/minimatch@3.0.3
│ │ │   │ │ ├── array-differ@3.0.0
│ │ │   │ │ ├── array-union@2.1.0
│ │ │   │ │ ├── arrify@2.0.1
│ │ │   │ │ └── minimatch@3.0.4 deduped
│ │ │   │ ├─┬ rimraf@3.0.2
│ │ │   │ │ └── glob@7.1.6 deduped
│ │ │   │ ├── through2@3.0.2 deduped
│ │ │   │ └─┬ vinyl@2.2.1
│ │ │   │   ├── clone@2.1.2
│ │ │   │   ├── clone-buffer@1.0.0
│ │ │   │   ├── clone-stats@1.0.0
│ │ │   │   ├─┬ cloneable-readable@1.1.3
│ │ │   │   │ ├── inherits@2.0.4 deduped
│ │ │   │   │ ├── process-nextick-args@2.0.1 deduped
│ │ │   │   │ └─┬ readable-stream@2.3.7
│ │ │   │   │   ├── core-util-is@1.0.2 deduped
│ │ │   │   │   ├── inherits@2.0.4 deduped
│ │ │   │   │   ├── isarray@1.0.0 deduped
│ │ │   │   │   ├── process-nextick-args@2.0.1 deduped
│ │ │   │   │   ├── safe-buffer@5.1.2
│ │ │   │   │   ├─┬ string_decoder@1.1.1
│ │ │   │   │   │ └── safe-buffer@5.1.2 deduped
│ │ │   │   │   └── util-deprecate@1.0.2 deduped
│ │ │   │   ├── remove-trailing-separator@1.1.0
│ │ │   │   └── replace-ext@1.0.1
│ │ │   ├── minimist@1.2.5 deduped
│ │ │   ├── pretty-bytes@5.4.1
│ │ │   ├─┬ read-chunk@3.2.0
│ │ │   │ ├── pify@4.0.1 deduped
│ │ │   │ └─┬ with-open-file@0.1.7
│ │ │   │   ├── p-finally@1.0.0
│ │ │   │   ├── p-try@2.2.0 deduped
│ │ │   │   └── pify@4.0.1 deduped
│ │ │   ├─┬ read-pkg-up@5.0.0
│ │ │   │ ├─┬ find-up@3.0.0
│ │ │   │ │ └─┬ locate-path@3.0.0
│ │ │   │ │   ├─┬ p-locate@3.0.0
│ │ │   │ │   │ └── p-limit@2.3.0 deduped
│ │ │   │ │   └── path-exists@3.0.0
│ │ │   │ └─┬ read-pkg@5.2.0
│ │ │   │   ├── @types/normalize-package-data@2.4.0
│ │ │   │   ├─┬ normalize-package-data@2.5.0
│ │ │   │   │ ├── hosted-git-info@2.8.8
│ │ │   │   │ ├─┬ resolve@1.17.0
│ │ │   │   │ │ └── path-parse@1.0.6 deduped
│ │ │   │   │ ├── semver@5.7.1
│ │ │   │   │ └─┬ validate-npm-package-license@3.0.4
│ │ │   │   │   ├─┬ spdx-correct@3.1.1
│ │ │   │   │   │ ├── spdx-expression-parse@3.0.1 deduped
│ │ │   │   │   │ └── spdx-license-ids@3.0.6
│ │ │   │   │   └─┬ spdx-expression-parse@3.0.1
│ │ │   │   │     ├── spdx-exceptions@2.3.0
│ │ │   │   │     └── spdx-license-ids@3.0.6 deduped
│ │ │   │   ├─┬ parse-json@5.1.0
│ │ │   │   │ ├── @babel/code-frame@7.10.4 deduped
│ │ │   │   │ ├─┬ error-ex@1.3.2
│ │ │   │   │ │ └── is-arrayish@0.2.1
│ │ │   │   │ ├── json-parse-even-better-errors@2.3.1
│ │ │   │   │ └── lines-and-columns@1.1.6
│ │ │   │   └── type-fest@0.6.0
│ │ │   ├─┬ rimraf@2.7.1
│ │ │   │ └── glob@7.1.6 deduped
│ │ │   ├── run-async@2.4.1
│ │ │   ├── semver@7.3.2
│ │ │   ├─┬ shelljs@0.8.4
│ │ │   │ ├── glob@7.1.6 deduped
│ │ │   │ ├── interpret@1.4.0
│ │ │   │ └─┬ rechoir@0.6.2
│ │ │   │   └── resolve@1.7.1 deduped
│ │ │   ├── text-table@0.2.0
│ │ │   ├─┬ through2@3.0.2
│ │ │   │ ├── inherits@2.0.4 deduped
│ │ │   │ └── readable-stream@3.6.0 deduped
│ │ │   └── yeoman-environment@2.10.3 deduped
│ │ └─┬ @webpack-cli/utils@1.0.1
│ │   ├── colorette@1.2.1 deduped
│ │   ├── cross-spawn@7.0.3 deduped
│ │   ├── enquirer@2.3.6 deduped
│ │   ├── execa@4.0.3 deduped
│ │   ├─┬ findup-sync@4.0.0
│ │   │ ├── detect-file@1.0.0
│ │   │ ├─┬ is-glob@4.0.1
│ │   │ │ └── is-extglob@2.1.1
│ │   │ ├─┬ micromatch@4.0.2
│ │   │ │ ├── braces@3.0.2 deduped
│ │   │ │ └── picomatch@2.2.2
│ │   │ └── resolve-dir@1.0.1 deduped
│ │   ├─┬ global-modules@2.0.0
│ │   │ └─┬ global-prefix@3.0.0
│ │   │   ├── ini@1.3.5 deduped
│ │   │   ├── kind-of@6.0.3 deduped
│ │   │   └── which@1.3.1 deduped
│ │   ├─┬ got@10.7.0
│ │   │ ├── @sindresorhus/is@2.1.1
│ │   │ ├─┬ @szmarczak/http-timer@4.0.5
│ │   │ │ └── defer-to-connect@2.0.0
│ │   │ ├─┬ @types/cacheable-request@6.0.1
│ │   │ │ ├── @types/http-cache-semantics@4.0.0
│ │   │ │ ├─┬ @types/keyv@3.1.1
│ │   │ │ │ └── @types/node@14.11.8 deduped
│ │   │ │ ├── @types/node@14.11.8 deduped
│ │   │ │ └─┬ @types/responselike@1.0.0
│ │   │ │   └── @types/node@14.11.8 deduped
│ │   │ ├─┬ cacheable-lookup@2.0.1
│ │   │ │ ├── @types/keyv@3.1.1 deduped
│ │   │ │ └─┬ keyv@4.0.3
│ │   │ │   └── json-buffer@3.0.1
│ │   │ ├─┬ cacheable-request@7.0.1
│ │   │ │ ├─┬ clone-response@1.0.2
│ │   │ │ │ └── mimic-response@1.0.1
│ │   │ │ ├── get-stream@5.2.0 deduped
│ │   │ │ ├── http-cache-semantics@4.1.0
│ │   │ │ ├── keyv@4.0.3 deduped
│ │   │ │ ├── lowercase-keys@2.0.0 deduped
│ │   │ │ ├── normalize-url@4.5.0
│ │   │ │ └── responselike@2.0.0 deduped
│ │   │ ├─┬ decompress-response@5.0.0
│ │   │ │ └── mimic-response@2.1.0 deduped
│ │   │ ├── duplexer3@0.1.4
│ │   │ ├── get-stream@5.2.0 deduped
│ │   │ ├── lowercase-keys@2.0.0
│ │   │ ├── mimic-response@2.1.0
│ │   │ ├── p-cancelable@2.0.0
│ │   │ ├─┬ p-event@4.2.0
│ │   │ │ └─┬ p-timeout@3.2.0
│ │   │ │   └── p-finally@1.0.0 deduped
│ │   │ ├─┬ responselike@2.0.0
│ │   │ │ └── lowercase-keys@2.0.0 deduped
│ │   │ ├── to-readable-stream@2.1.0
│ │   │ └── type-fest@0.10.0
│ │   ├─┬ jscodeshift@0.7.1
│ │   │ ├─┬ @babel/core@7.11.6
│ │   │ │ ├─┬ @babel/code-frame@7.10.4
│ │   │ │ │ └─┬ @babel/highlight@7.10.4
│ │   │ │ │   ├── @babel/helper-validator-identifier@7.10.4 deduped
│ │   │ │ │   ├── chalk@2.4.2 deduped
│ │   │ │ │   └── js-tokens@4.0.0
│ │   │ │ ├─┬ @babel/generator@7.11.6
│ │   │ │ │ ├── @babel/types@7.11.5 deduped
│ │   │ │ │ ├── jsesc@2.5.2
│ │   │ │ │ └── source-map@0.5.7
│ │   │ │ ├─┬ @babel/helper-module-transforms@7.11.0
│ │   │ │ │ ├── @babel/helper-module-imports@7.10.4 deduped
│ │   │ │ │ ├─┬ @babel/helper-replace-supers@7.10.4
│ │   │ │ │ │ ├── @babel/helper-member-expression-to-functions@7.11.0 deduped
│ │   │ │ │ │ ├── @babel/helper-optimise-call-expression@7.10.4 deduped
│ │   │ │ │ │ ├── @babel/traverse@7.11.5 deduped
│ │   │ │ │ │ └── @babel/types@7.11.5 deduped
│ │   │ │ │ ├─┬ @babel/helper-simple-access@7.10.4
│ │   │ │ │ │ ├── @babel/template@7.10.4 deduped
│ │   │ │ │ │ └── @babel/types@7.11.5 deduped
│ │   │ │ │ ├─┬ @babel/helper-split-export-declaration@7.11.0
│ │   │ │ │ │ └── @babel/types@7.11.5 deduped
│ │   │ │ │ ├── @babel/template@7.10.4 deduped
│ │   │ │ │ ├── @babel/types@7.11.5 deduped
│ │   │ │ │ └── lodash@4.17.20 deduped
│ │   │ │ ├─┬ @babel/helpers@7.10.4
│ │   │ │ │ ├── @babel/template@7.10.4 deduped
│ │   │ │ │ ├── @babel/traverse@7.11.5 deduped
│ │   │ │ │ └── @babel/types@7.11.5 deduped
│ │   │ │ ├── @babel/parser@7.11.5 deduped
│ │   │ │ ├─┬ @babel/template@7.10.4
│ │   │ │ │ ├── @babel/code-frame@7.10.4 deduped
│ │   │ │ │ ├── @babel/parser@7.11.5 deduped
│ │   │ │ │ └── @babel/types@7.11.5 deduped
│ │   │ │ ├─┬ @babel/traverse@7.11.5
│ │   │ │ │ ├── @babel/code-frame@7.10.4 deduped
│ │   │ │ │ ├── @babel/generator@7.11.6 deduped
│ │   │ │ │ ├─┬ @babel/helper-function-name@7.10.4
│ │   │ │ │ │ ├── @babel/helper-get-function-arity@7.10.4 deduped
│ │   │ │ │ │ ├── @babel/template@7.10.4 deduped
│ │   │ │ │ │ └── @babel/types@7.11.5 deduped
│ │   │ │ │ ├── @babel/helper-split-export-declaration@7.11.0 deduped
│ │   │ │ │ ├── @babel/parser@7.11.5 deduped
│ │   │ │ │ ├── @babel/types@7.11.5 deduped
│ │   │ │ │ ├─┬ debug@4.2.0
│ │   │ │ │ │ └── ms@2.1.2
│ │   │ │ │ ├── globals@11.12.0
│ │   │ │ │ └── lodash@4.17.20 deduped
│ │   │ │ ├─┬ @babel/types@7.11.5
│ │   │ │ │ ├── @babel/helper-validator-identifier@7.10.4
│ │   │ │ │ ├── lodash@4.17.20 deduped
│ │   │ │ │ └── to-fast-properties@2.0.0
│ │   │ │ ├─┬ convert-source-map@1.7.0
│ │   │ │ │ └── safe-buffer@5.1.2
│ │   │ │ ├─┬ debug@4.2.0
│ │   │ │ │ └── ms@2.1.2
│ │   │ │ ├── gensync@1.0.0-beta.1
│ │   │ │ ├─┬ json5@2.1.3
│ │   │ │ │ └── minimist@1.2.5 deduped
│ │   │ │ ├── lodash@4.17.20 deduped
│ │   │ │ ├── resolve@1.7.1 deduped
│ │   │ │ ├── semver@5.7.1
│ │   │ │ └── source-map@0.5.7
│ │   │ ├── @babel/parser@7.11.5
│ │   │ ├─┬ @babel/plugin-proposal-class-properties@7.10.4
│ │   │ │ ├─┬ @babel/helper-create-class-features-plugin@7.10.5
│ │   │ │ │ ├── @babel/helper-function-name@7.10.4 deduped
│ │   │ │ │ ├─┬ @babel/helper-member-expression-to-functions@7.11.0
│ │   │ │ │ │ └── @babel/types@7.11.5 deduped
│ │   │ │ │ ├─┬ @babel/helper-optimise-call-expression@7.10.4
│ │   │ │ │ │ └── @babel/types@7.11.5 deduped
│ │   │ │ │ ├── @babel/helper-plugin-utils@7.10.4 deduped
│ │   │ │ │ ├── @babel/helper-replace-supers@7.10.4 deduped
│ │   │ │ │ └── @babel/helper-split-export-declaration@7.11.0 deduped
│ │   │ │ └── @babel/helper-plugin-utils@7.10.4
│ │   │ ├─┬ @babel/plugin-proposal-object-rest-spread@7.11.0
│ │   │ │ ├── @babel/helper-plugin-utils@7.10.4 deduped
│ │   │ │ ├─┬ @babel/plugin-syntax-object-rest-spread@7.8.3
│ │   │ │ │ └── @babel/helper-plugin-utils@7.10.4 deduped
│ │   │ │ └─┬ @babel/plugin-transform-parameters@7.10.5
│ │   │ │   ├─┬ @babel/helper-get-function-arity@7.10.4
│ │   │ │   │ └── @babel/types@7.11.5 deduped
│ │   │ │   └── @babel/helper-plugin-utils@7.10.4 deduped
│ │   │ ├─┬ @babel/preset-env@7.11.5
│ │   │ │ ├─┬ @babel/compat-data@7.11.0
│ │   │ │ │ ├── browserslist@4.14.5 deduped
│ │   │ │ │ ├── invariant@2.2.4 deduped
│ │   │ │ │ └── semver@5.7.1
│ │   │ │ ├─┬ @babel/helper-compilation-targets@7.10.4
│ │   │ │ │ ├── @babel/compat-data@7.11.0 deduped
│ │   │ │ │ ├── browserslist@4.14.5 deduped
│ │   │ │ │ ├── invariant@2.2.4 deduped
│ │   │ │ │ ├── levenary@1.1.1 deduped
│ │   │ │ │ └── semver@5.7.1
│ │   │ │ ├─┬ @babel/helper-module-imports@7.10.4
│ │   │ │ │ └── @babel/types@7.11.5 deduped
│ │   │ │ ├── @babel/helper-plugin-utils@7.10.4 deduped
│ │   │ │ ├─┬ @babel/plugin-proposal-async-generator-functions@7.10.5
│ │   │ │ │ ├── @babel/helper-plugin-utils@7.10.4 deduped
│ │   │ │ │ ├─┬ @babel/helper-remap-async-to-generator@7.11.4
│ │   │ │ │ │ ├── @babel/helper-annotate-as-pure@7.10.4 deduped
│ │   │ │ │ │ ├─┬ @babel/helper-wrap-function@7.10.4
│ │   │ │ │ │ │ ├── @babel/helper-function-name@7.10.4 deduped
│ │   │ │ │ │ │ ├── @babel/template@7.10.4 deduped
│ │   │ │ │ │ │ ├── @babel/traverse@7.11.5 deduped
│ │   │ │ │ │ │ └── @babel/types@7.11.5 deduped
│ │   │ │ │ │ ├── @babel/template@7.10.4 deduped
│ │   │ │ │ │ └── @babel/types@7.11.5 deduped
│ │   │ │ │ └── @babel/plugin-syntax-async-generators@7.8.4 deduped
│ │   │ │ ├── @babel/plugin-proposal-class-properties@7.10.4 deduped
│ │   │ │ ├─┬ @babel/plugin-proposal-dynamic-import@7.10.4
│ │   │ │ │ ├── @babel/helper-plugin-utils@7.10.4 deduped
│ │   │ │ │ └── @babel/plugin-syntax-dynamic-import@7.8.3 deduped
│ │   │ │ ├─┬ @babel/plugin-proposal-export-namespace-from@7.10.4
│ │   │ │ │ ├── @babel/helper-plugin-utils@7.10.4 deduped
│ │   │ │ │ └── @babel/plugin-syntax-export-namespace-from@7.8.3 deduped
│ │   │ │ ├─┬ @babel/plugin-proposal-json-strings@7.10.4
│ │   │ │ │ ├── @babel/helper-plugin-utils@7.10.4 deduped
│ │   │ │ │ └── @babel/plugin-syntax-json-strings@7.8.3 deduped
│ │   │ │ ├─┬ @babel/plugin-proposal-logical-assignment-operators@7.11.0
│ │   │ │ │ ├── @babel/helper-plugin-utils@7.10.4 deduped
│ │   │ │ │ └── @babel/plugin-syntax-logical-assignment-operators@7.10.4 deduped
│ │   │ │ ├─┬ @babel/plugin-proposal-nullish-coalescing-operator@7.10.4
│ │   │ │ │ ├── @babel/helper-plugin-utils@7.10.4 deduped
│ │   │ │ │ └── @babel/plugin-syntax-nullish-coalescing-operator@7.8.3 deduped
│ │   │ │ ├─┬ @babel/plugin-proposal-numeric-separator@7.10.4
│ │   │ │ │ ├── @babel/helper-plugin-utils@7.10.4 deduped
│ │   │ │ │ └── @babel/plugin-syntax-numeric-separator@7.10.4 deduped
│ │   │ │ ├── @babel/plugin-proposal-object-rest-spread@7.11.0 deduped
│ │   │ │ ├─┬ @babel/plugin-proposal-optional-catch-binding@7.10.4
│ │   │ │ │ ├── @babel/helper-plugin-utils@7.10.4 deduped
│ │   │ │ │ └── @babel/plugin-syntax-optional-catch-binding@7.8.3 deduped
│ │   │ │ ├─┬ @babel/plugin-proposal-optional-chaining@7.11.0
│ │   │ │ │ ├── @babel/helper-plugin-utils@7.10.4 deduped
│ │   │ │ │ ├─┬ @babel/helper-skip-transparent-expression-wrappers@7.11.0
│ │   │ │ │ │ └── @babel/types@7.11.5 deduped
│ │   │ │ │ └── @babel/plugin-syntax-optional-chaining@7.8.3 deduped
│ │   │ │ ├─┬ @babel/plugin-proposal-private-methods@7.10.4
│ │   │ │ │ ├── @babel/helper-create-class-features-plugin@7.10.5 deduped
│ │   │ │ │ └── @babel/helper-plugin-utils@7.10.4 deduped
│ │   │ │ ├─┬ @babel/plugin-proposal-unicode-property-regex@7.10.4
│ │   │ │ │ ├─┬ @babel/helper-create-regexp-features-plugin@7.10.4
│ │   │ │ │ │ ├── @babel/helper-annotate-as-pure@7.10.4 deduped
│ │   │ │ │ │ ├── @babel/helper-regex@7.10.5 deduped
│ │   │ │ │ │ └─┬ regexpu-core@4.7.1
│ │   │ │ │ │   ├── regenerate@1.4.1
│ │   │ │ │ │   ├─┬ regenerate-unicode-properties@8.2.0
│ │   │ │ │ │   │ └── regenerate@1.4.1 deduped
│ │   │ │ │ │   ├── regjsgen@0.5.2
│ │   │ │ │ │   ├─┬ regjsparser@0.6.4
│ │   │ │ │ │   │ └── jsesc@0.5.0
│ │   │ │ │ │   ├─┬ unicode-match-property-ecmascript@1.0.4
│ │   │ │ │ │   │ ├── unicode-canonical-property-names-ecmascript@1.0.4
│ │   │ │ │ │   │ └── unicode-property-aliases-ecmascript@1.1.0
│ │   │ │ │ │   └── unicode-match-property-value-ecmascript@1.2.0
│ │   │ │ │ └── @babel/helper-plugin-utils@7.10.4 deduped
│ │   │ │ ├─┬ @babel/plugin-syntax-async-generators@7.8.4
│ │   │ │ │ └── @babel/helper-plugin-utils@7.10.4 deduped
│ │   │ │ ├─┬ @babel/plugin-syntax-class-properties@7.10.4
│ │   │ │ │ └── @babel/helper-plugin-utils@7.10.4 deduped
│ │   │ │ ├─┬ @babel/plugin-syntax-dynamic-import@7.8.3
│ │   │ │ │ └── @babel/helper-plugin-utils@7.10.4 deduped
│ │   │ │ ├─┬ @babel/plugin-syntax-export-namespace-from@7.8.3
│ │   │ │ │ └── @babel/helper-plugin-utils@7.10.4 deduped
│ │   │ │ ├─┬ @babel/plugin-syntax-json-strings@7.8.3
│ │   │ │ │ └── @babel/helper-plugin-utils@7.10.4 deduped
│ │   │ │ ├─┬ @babel/plugin-syntax-logical-assignment-operators@7.10.4
│ │   │ │ │ └── @babel/helper-plugin-utils@7.10.4 deduped
│ │   │ │ ├─┬ @babel/plugin-syntax-nullish-coalescing-operator@7.8.3
│ │   │ │ │ └── @babel/helper-plugin-utils@7.10.4 deduped
│ │   │ │ ├─┬ @babel/plugin-syntax-numeric-separator@7.10.4
│ │   │ │ │ └── @babel/helper-plugin-utils@7.10.4 deduped
│ │   │ │ ├── @babel/plugin-syntax-object-rest-spread@7.8.3 deduped
│ │   │ │ ├─┬ @babel/plugin-syntax-optional-catch-binding@7.8.3
│ │   │ │ │ └── @babel/helper-plugin-utils@7.10.4 deduped
│ │   │ │ ├─┬ @babel/plugin-syntax-optional-chaining@7.8.3
│ │   │ │ │ └── @babel/helper-plugin-utils@7.10.4 deduped
│ │   │ │ ├─┬ @babel/plugin-syntax-top-level-await@7.10.4
│ │   │ │ │ └── @babel/helper-plugin-utils@7.10.4 deduped
│ │   │ │ ├─┬ @babel/plugin-transform-arrow-functions@7.10.4
│ │   │ │ │ └── @babel/helper-plugin-utils@7.10.4 deduped
│ │   │ │ ├─┬ @babel/plugin-transform-async-to-generator@7.10.4
│ │   │ │ │ ├── @babel/helper-module-imports@7.10.4 deduped
│ │   │ │ │ ├── @babel/helper-plugin-utils@7.10.4 deduped
│ │   │ │ │ └── @babel/helper-remap-async-to-generator@7.11.4 deduped
│ │   │ │ ├─┬ @babel/plugin-transform-block-scoped-functions@7.10.4
│ │   │ │ │ └── @babel/helper-plugin-utils@7.10.4 deduped
│ │   │ │ ├─┬ @babel/plugin-transform-block-scoping@7.11.1
│ │   │ │ │ └── @babel/helper-plugin-utils@7.10.4 deduped
│ │   │ │ ├─┬ @babel/plugin-transform-classes@7.10.4
│ │   │ │ │ ├─┬ @babel/helper-annotate-as-pure@7.10.4
│ │   │ │ │ │ └── @babel/types@7.11.5 deduped
│ │   │ │ │ ├─┬ @babel/helper-define-map@7.10.5
│ │   │ │ │ │ ├── @babel/helper-function-name@7.10.4 deduped
│ │   │ │ │ │ ├── @babel/types@7.11.5 deduped
│ │   │ │ │ │ └── lodash@4.17.20 deduped
│ │   │ │ │ ├── @babel/helper-function-name@7.10.4 deduped
│ │   │ │ │ ├── @babel/helper-optimise-call-expression@7.10.4 deduped
│ │   │ │ │ ├── @babel/helper-plugin-utils@7.10.4 deduped
│ │   │ │ │ ├── @babel/helper-replace-supers@7.10.4 deduped
│ │   │ │ │ ├── @babel/helper-split-export-declaration@7.11.0 deduped
│ │   │ │ │ └── globals@11.12.0 deduped
│ │   │ │ ├─┬ @babel/plugin-transform-computed-properties@7.10.4
│ │   │ │ │ └── @babel/helper-plugin-utils@7.10.4 deduped
│ │   │ │ ├─┬ @babel/plugin-transform-destructuring@7.10.4
│ │   │ │ │ └── @babel/helper-plugin-utils@7.10.4 deduped
│ │   │ │ ├─┬ @babel/plugin-transform-dotall-regex@7.10.4
│ │   │ │ │ ├── @babel/helper-create-regexp-features-plugin@7.10.4 deduped
│ │   │ │ │ └── @babel/helper-plugin-utils@7.10.4 deduped
│ │   │ │ ├─┬ @babel/plugin-transform-duplicate-keys@7.10.4
│ │   │ │ │ └── @babel/helper-plugin-utils@7.10.4 deduped
│ │   │ │ ├─┬ @babel/plugin-transform-exponentiation-operator@7.10.4
│ │   │ │ │ ├─┬ @babel/helper-builder-binary-assignment-operator-visitor@7.10.4
│ │   │ │ │ │ ├─┬ @babel/helper-explode-assignable-expression@7.11.4
│ │   │ │ │ │ │ └── @babel/types@7.11.5 deduped
│ │   │ │ │ │ └── @babel/types@7.11.5 deduped
│ │   │ │ │ └── @babel/helper-plugin-utils@7.10.4 deduped
│ │   │ │ ├─┬ @babel/plugin-transform-for-of@7.10.4
│ │   │ │ │ └── @babel/helper-plugin-utils@7.10.4 deduped
│ │   │ │ ├─┬ @babel/plugin-transform-function-name@7.10.4
│ │   │ │ │ ├── @babel/helper-function-name@7.10.4 deduped
│ │   │ │ │ └── @babel/helper-plugin-utils@7.10.4 deduped
│ │   │ │ ├─┬ @babel/plugin-transform-literals@7.10.4
│ │   │ │ │ └── @babel/helper-plugin-utils@7.10.4 deduped
│ │   │ │ ├─┬ @babel/plugin-transform-member-expression-literals@7.10.4
│ │   │ │ │ └── @babel/helper-plugin-utils@7.10.4 deduped
│ │   │ │ ├─┬ @babel/plugin-transform-modules-amd@7.10.5
│ │   │ │ │ ├── @babel/helper-module-transforms@7.11.0 deduped
│ │   │ │ │ ├── @babel/helper-plugin-utils@7.10.4 deduped
│ │   │ │ │ └─┬ babel-plugin-dynamic-import-node@2.3.3
│ │   │ │ │   └─┬ object.assign@4.1.1
│ │   │ │ │     ├─┬ define-properties@1.1.3
│ │   │ │ │     │ └── object-keys@1.1.1 deduped
│ │   │ │ │     ├─┬ es-abstract@1.18.0-next.1
│ │   │ │ │     │ ├─┬ es-to-primitive@1.2.1
│ │   │ │ │     │ │ ├── is-callable@1.2.2 deduped
│ │   │ │ │     │ │ ├── is-date-object@1.0.2
│ │   │ │ │     │ │ └─┬ is-symbol@1.0.3
│ │   │ │ │     │ │   └── has-symbols@1.0.1 deduped
│ │   │ │ │     │ ├── function-bind@1.1.1
│ │   │ │ │     │ ├─┬ has@1.0.3
│ │   │ │ │     │ │ └── function-bind@1.1.1 deduped
│ │   │ │ │     │ ├── has-symbols@1.0.1 deduped
│ │   │ │ │     │ ├── is-callable@1.2.2
│ │   │ │ │     │ ├── is-negative-zero@2.0.0
│ │   │ │ │     │ ├─┬ is-regex@1.1.1
│ │   │ │ │     │ │ └── has-symbols@1.0.1 deduped
│ │   │ │ │     │ ├── object-inspect@1.8.0
│ │   │ │ │     │ ├── object-keys@1.1.1 deduped
│ │   │ │ │     │ ├── object.assign@4.1.1 deduped
│ │   │ │ │     │ ├─┬ string.prototype.trimend@1.0.1
│ │   │ │ │     │ │ ├── define-properties@1.1.3 deduped
│ │   │ │ │     │ │ └─┬ es-abstract@1.17.7
│ │   │ │ │     │ │   ├── es-to-primitive@1.2.1 deduped
│ │   │ │ │     │ │   ├── function-bind@1.1.1 deduped
│ │   │ │ │     │ │   ├── has@1.0.3 deduped
│ │   │ │ │     │ │   ├── has-symbols@1.0.1 deduped
│ │   │ │ │     │ │   ├── is-callable@1.2.2 deduped
│ │   │ │ │     │ │   ├── is-regex@1.1.1 deduped
│ │   │ │ │     │ │   ├── object-inspect@1.8.0 deduped
│ │   │ │ │     │ │   ├── object-keys@1.1.1 deduped
│ │   │ │ │     │ │   ├── object.assign@4.1.1 deduped
│ │   │ │ │     │ │   ├── string.prototype.trimend@1.0.1 deduped
│ │   │ │ │     │ │   └── string.prototype.trimstart@1.0.1 deduped
│ │   │ │ │     │ └─┬ string.prototype.trimstart@1.0.1
│ │   │ │ │     │   ├── define-properties@1.1.3 deduped
│ │   │ │ │     │   └─┬ es-abstract@1.17.7
│ │   │ │ │     │     ├── es-to-primitive@1.2.1 deduped
│ │   │ │ │     │     ├── function-bind@1.1.1 deduped
│ │   │ │ │     │     ├── has@1.0.3 deduped
│ │   │ │ │     │     ├── has-symbols@1.0.1 deduped
│ │   │ │ │     │     ├── is-callable@1.2.2 deduped
│ │   │ │ │     │     ├── is-regex@1.1.1 deduped
│ │   │ │ │     │     ├── object-inspect@1.8.0 deduped
│ │   │ │ │     │     ├── object-keys@1.1.1 deduped
│ │   │ │ │     │     ├── object.assign@4.1.1 deduped
│ │   │ │ │     │     ├── string.prototype.trimend@1.0.1 deduped
│ │   │ │ │     │     └── string.prototype.trimstart@1.0.1 deduped
│ │   │ │ │     ├── has-symbols@1.0.1
│ │   │ │ │     └── object-keys@1.1.1
│ │   │ │ ├─┬ @babel/plugin-transform-modules-commonjs@7.10.4
│ │   │ │ │ ├── @babel/helper-module-transforms@7.11.0 deduped
│ │   │ │ │ ├── @babel/helper-plugin-utils@7.10.4 deduped
│ │   │ │ │ ├── @babel/helper-simple-access@7.10.4 deduped
│ │   │ │ │ └── babel-plugin-dynamic-import-node@2.3.3 deduped
│ │   │ │ ├─┬ @babel/plugin-transform-modules-systemjs@7.10.5
│ │   │ │ │ ├─┬ @babel/helper-hoist-variables@7.10.4
│ │   │ │ │ │ └── @babel/types@7.11.5 deduped
│ │   │ │ │ ├── @babel/helper-module-transforms@7.11.0 deduped
│ │   │ │ │ ├── @babel/helper-plugin-utils@7.10.4 deduped
│ │   │ │ │ └── babel-plugin-dynamic-import-node@2.3.3 deduped
│ │   │ │ ├─┬ @babel/plugin-transform-modules-umd@7.10.4
│ │   │ │ │ ├── @babel/helper-module-transforms@7.11.0 deduped
│ │   │ │ │ └── @babel/helper-plugin-utils@7.10.4 deduped
│ │   │ │ ├─┬ @babel/plugin-transform-named-capturing-groups-regex@7.10.4
│ │   │ │ │ └── @babel/helper-create-regexp-features-plugin@7.10.4 deduped
│ │   │ │ ├─┬ @babel/plugin-transform-new-target@7.10.4
│ │   │ │ │ └── @babel/helper-plugin-utils@7.10.4 deduped
│ │   │ │ ├─┬ @babel/plugin-transform-object-super@7.10.4
│ │   │ │ │ ├── @babel/helper-plugin-utils@7.10.4 deduped
│ │   │ │ │ └── @babel/helper-replace-supers@7.10.4 deduped
│ │   │ │ ├── @babel/plugin-transform-parameters@7.10.5 deduped
│ │   │ │ ├─┬ @babel/plugin-transform-property-literals@7.10.4
│ │   │ │ │ └── @babel/helper-plugin-utils@7.10.4 deduped
│ │   │ │ ├─┬ @babel/plugin-transform-regenerator@7.10.4
│ │   │ │ │ └─┬ regenerator-transform@0.14.5
│ │   │ │ │   └─┬ @babel/runtime@7.11.2
│ │   │ │ │     └── regenerator-runtime@0.13.7
│ │   │ │ ├─┬ @babel/plugin-transform-reserved-words@7.10.4
│ │   │ │ │ └── @babel/helper-plugin-utils@7.10.4 deduped
│ │   │ │ ├─┬ @babel/plugin-transform-shorthand-properties@7.10.4
│ │   │ │ │ └── @babel/helper-plugin-utils@7.10.4 deduped
│ │   │ │ ├─┬ @babel/plugin-transform-spread@7.11.0
│ │   │ │ │ ├── @babel/helper-plugin-utils@7.10.4 deduped
│ │   │ │ │ └── @babel/helper-skip-transparent-expression-wrappers@7.11.0 deduped
│ │   │ │ ├─┬ @babel/plugin-transform-sticky-regex@7.10.4
│ │   │ │ │ ├── @babel/helper-plugin-utils@7.10.4 deduped
│ │   │ │ │ └─┬ @babel/helper-regex@7.10.5
│ │   │ │ │   └── lodash@4.17.20 deduped
│ │   │ │ ├─┬ @babel/plugin-transform-template-literals@7.10.5
│ │   │ │ │ ├── @babel/helper-annotate-as-pure@7.10.4 deduped
│ │   │ │ │ └── @babel/helper-plugin-utils@7.10.4 deduped
│ │   │ │ ├─┬ @babel/plugin-transform-typeof-symbol@7.10.4
│ │   │ │ │ └── @babel/helper-plugin-utils@7.10.4 deduped
│ │   │ │ ├─┬ @babel/plugin-transform-unicode-escapes@7.10.4
│ │   │ │ │ └── @babel/helper-plugin-utils@7.10.4 deduped
│ │   │ │ ├─┬ @babel/plugin-transform-unicode-regex@7.10.4
│ │   │ │ │ ├── @babel/helper-create-regexp-features-plugin@7.10.4 deduped
│ │   │ │ │ └── @babel/helper-plugin-utils@7.10.4 deduped
│ │   │ │ ├─┬ @babel/preset-modules@0.1.4
│ │   │ │ │ ├── @babel/helper-plugin-utils@7.10.4 deduped
│ │   │ │ │ ├── @babel/plugin-proposal-unicode-property-regex@7.10.4 deduped
│ │   │ │ │ ├── @babel/plugin-transform-dotall-regex@7.10.4 deduped
│ │   │ │ │ ├── @babel/types@7.11.5 deduped
│ │   │ │ │ └── esutils@2.0.3
│ │   │ │ ├── @babel/types@7.11.5 deduped
│ │   │ │ ├── browserslist@4.14.5 deduped
│ │   │ │ ├─┬ core-js-compat@3.6.5
│ │   │ │ │ ├── browserslist@4.14.5 deduped
│ │   │ │ │ └── semver@7.0.0
│ │   │ │ ├─┬ invariant@2.2.4
│ │   │ │ │ └─┬ loose-envify@1.4.0
│ │   │ │ │   └── js-tokens@4.0.0 deduped
│ │   │ │ ├─┬ levenary@1.1.1
│ │   │ │ │ └── leven@3.1.0
│ │   │ │ └── semver@5.7.1
│ │   │ ├─┬ @babel/preset-flow@7.10.4
│ │   │ │ ├── @babel/helper-plugin-utils@7.10.4 deduped
│ │   │ │ └─┬ @babel/plugin-transform-flow-strip-types@7.10.4
│ │   │ │   ├── @babel/helper-plugin-utils@7.10.4 deduped
│ │   │ │   └─┬ @babel/plugin-syntax-flow@7.10.4
│ │   │ │     └── @babel/helper-plugin-utils@7.10.4 deduped
│ │   │ ├─┬ @babel/preset-typescript@7.10.4
│ │   │ │ ├── @babel/helper-plugin-utils@7.10.4 deduped
│ │   │ │ └─┬ @babel/plugin-transform-typescript@7.11.0
│ │   │ │   ├── @babel/helper-create-class-features-plugin@7.10.5 deduped
│ │   │ │   ├── @babel/helper-plugin-utils@7.10.4 deduped
│ │   │ │   └─┬ @babel/plugin-syntax-typescript@7.10.4
│ │   │ │     └── @babel/helper-plugin-utils@7.10.4 deduped
│ │   │ ├─┬ @babel/register@7.11.5
│ │   │ │ ├─┬ find-cache-dir@2.1.0
│ │   │ │ │ ├── commondir@1.0.1 deduped
│ │   │ │ │ ├── make-dir@2.1.0 deduped
│ │   │ │ │ └─┬ pkg-dir@3.0.0
│ │   │ │ │   └─┬ find-up@3.0.0
│ │   │ │ │     └─┬ locate-path@3.0.0
│ │   │ │ │       ├─┬ p-locate@3.0.0
│ │   │ │ │       │ └── p-limit@2.3.0 deduped
│ │   │ │ │       └── path-exists@3.0.0
│ │   │ │ ├── lodash@4.17.20 deduped
│ │   │ │ ├─┬ make-dir@2.1.0
│ │   │ │ │ ├── pify@4.0.1 deduped
│ │   │ │ │ └── semver@5.7.1
│ │   │ │ ├─┬ pirates@4.0.1
│ │   │ │ │ └── node-modules-regexp@1.0.0
│ │   │ │ └── source-map-support@0.5.19 deduped
│ │   │ ├── babel-core@7.0.0-bridge.0
│ │   │ ├── colors@1.4.0 deduped
│ │   │ ├── flow-parser@0.135.0
│ │   │ ├── graceful-fs@4.2.4 deduped
│ │   │ ├─┬ micromatch@3.1.10
│ │   │ │ ├── arr-diff@4.0.0 deduped
│ │   │ │ ├── array-unique@0.3.2 deduped
│ │   │ │ ├─┬ braces@2.3.2
│ │   │ │ │ ├── arr-flatten@1.1.0 deduped
│ │   │ │ │ ├── array-unique@0.3.2 deduped
│ │   │ │ │ ├─┬ extend-shallow@2.0.1
│ │   │ │ │ │ └── is-extendable@0.1.1 deduped
│ │   │ │ │ ├─┬ fill-range@4.0.0
│ │   │ │ │ │ ├─┬ extend-shallow@2.0.1
│ │   │ │ │ │ │ └── is-extendable@0.1.1 deduped
│ │   │ │ │ │ ├─┬ is-number@3.0.0
│ │   │ │ │ │ │ └─┬ kind-of@3.2.2
│ │   │ │ │ │ │   └── is-buffer@1.1.6 deduped
│ │   │ │ │ │ ├── repeat-string@1.6.1 deduped
│ │   │ │ │ │ └─┬ to-regex-range@2.1.1
│ │   │ │ │ │   ├── is-number@3.0.0 deduped
│ │   │ │ │ │   └── repeat-string@1.6.1 deduped
│ │   │ │ │ ├── isobject@3.0.1 deduped
│ │   │ │ │ ├── repeat-element@1.1.3 deduped
│ │   │ │ │ ├── snapdragon@0.8.2 deduped
│ │   │ │ │ ├── snapdragon-node@2.1.1 deduped
│ │   │ │ │ ├── split-string@3.1.0 deduped
│ │   │ │ │ └── to-regex@3.0.2 deduped
│ │   │ │ ├── define-property@2.0.2 deduped
│ │   │ │ ├── extend-shallow@3.0.2 deduped
│ │   │ │ ├── extglob@2.0.4 deduped
│ │   │ │ ├── fragment-cache@0.2.1 deduped
│ │   │ │ ├── kind-of@6.0.3 deduped
│ │   │ │ ├── nanomatch@1.2.13 deduped
│ │   │ │ ├── object.pick@1.3.0 deduped
│ │   │ │ ├── regex-not@1.0.2 deduped
│ │   │ │ ├── snapdragon@0.8.2 deduped
│ │   │ │ └── to-regex@3.0.2 deduped
│ │   │ ├── neo-async@2.6.2 deduped
│ │   │ ├─┬ node-dir@0.1.17
│ │   │ │ └── minimatch@3.0.4 deduped
│ │   │ ├─┬ recast@0.18.10
│ │   │ │ ├── ast-types@0.13.3
│ │   │ │ ├── esprima@4.0.1
│ │   │ │ ├── private@0.1.8
│ │   │ │ └── source-map@0.6.1 deduped
│ │   │ ├─┬ temp@0.8.4
│ │   │ │ └─┬ rimraf@2.6.3
│ │   │ │   └── glob@7.1.6 deduped
│ │   │ └─┬ write-file-atomic@2.4.3
│ │   │   ├── graceful-fs@4.2.4 deduped
│ │   │   ├── imurmurhash@0.1.4 deduped
│ │   │   └── signal-exit@3.0.3 deduped
│ │   ├── p-each-series@2.1.0
│ │   ├─┬ yeoman-environment@2.10.3
│ │   │ ├── chalk@2.4.2 deduped
│ │   │ ├─┬ debug@3.2.6
│ │   │ │ └── ms@2.1.2
│ │   │ ├── diff@3.5.0
│ │   │ ├── escape-string-regexp@1.0.5 deduped
│ │   │ ├── execa@4.0.3 deduped
│ │   │ ├─┬ globby@8.0.2
│ │   │ │ ├─┬ array-union@1.0.2
│ │   │ │ │ └── array-uniq@1.0.3
│ │   │ │ ├─┬ dir-glob@2.0.0
│ │   │ │ │ ├── arrify@1.0.1
│ │   │ │ │ └─┬ path-type@3.0.0
│ │   │ │ │   └── pify@3.0.0
│ │   │ │ ├─┬ fast-glob@2.2.7
│ │   │ │ │ ├─┬ @mrmlnc/readdir-enhanced@2.2.1
│ │   │ │ │ │ ├── call-me-maybe@1.0.1
│ │   │ │ │ │ └── glob-to-regexp@0.3.0
│ │   │ │ │ ├── @nodelib/fs.stat@1.1.3
│ │   │ │ │ ├── glob-parent@3.1.0 deduped
│ │   │ │ │ ├── is-glob@4.0.1 deduped
│ │   │ │ │ ├── merge2@1.4.1
│ │   │ │ │ └─┬ micromatch@3.1.10
│ │   │ │ │   ├── arr-diff@4.0.0 deduped
│ │   │ │ │   ├── array-unique@0.3.2 deduped
│ │   │ │ │   ├─┬ braces@2.3.2
│ │   │ │ │   │ ├── arr-flatten@1.1.0 deduped
│ │   │ │ │   │ ├── array-unique@0.3.2 deduped
│ │   │ │ │   │ ├─┬ extend-shallow@2.0.1
│ │   │ │ │   │ │ └── is-extendable@0.1.1 deduped
│ │   │ │ │   │ ├─┬ fill-range@4.0.0
│ │   │ │ │   │ │ ├─┬ extend-shallow@2.0.1
│ │   │ │ │   │ │ │ └── is-extendable@0.1.1 deduped
│ │   │ │ │   │ │ ├─┬ is-number@3.0.0
│ │   │ │ │   │ │ │ └─┬ kind-of@3.2.2
│ │   │ │ │   │ │ │   └── is-buffer@1.1.6 deduped
│ │   │ │ │   │ │ ├── repeat-string@1.6.1 deduped
│ │   │ │ │   │ │ └─┬ to-regex-range@2.1.1
│ │   │ │ │   │ │   ├── is-number@3.0.0 deduped
│ │   │ │ │   │ │   └── repeat-string@1.6.1 deduped
│ │   │ │ │   │ ├── isobject@3.0.1 deduped
│ │   │ │ │   │ ├── repeat-element@1.1.3 deduped
│ │   │ │ │   │ ├── snapdragon@0.8.2 deduped
│ │   │ │ │   │ ├── snapdragon-node@2.1.1 deduped
│ │   │ │ │   │ ├── split-string@3.1.0 deduped
│ │   │ │ │   │ └── to-regex@3.0.2 deduped
│ │   │ │ │   ├── define-property@2.0.2 deduped
│ │   │ │ │   ├── extend-shallow@3.0.2 deduped
│ │   │ │ │   ├── extglob@2.0.4 deduped
│ │   │ │ │   ├── fragment-cache@0.2.1 deduped
│ │   │ │ │   ├── kind-of@6.0.3 deduped
│ │   │ │ │   ├── nanomatch@1.2.13 deduped
│ │   │ │ │   ├── object.pick@1.3.0 deduped
│ │   │ │ │   ├── regex-not@1.0.2 deduped
│ │   │ │ │   ├── snapdragon@0.8.2 deduped
│ │   │ │ │   └── to-regex@3.0.2 deduped
│ │   │ │ ├── glob@7.1.6 deduped
│ │   │ │ ├── ignore@3.3.10
│ │   │ │ ├── pify@3.0.0
│ │   │ │ └── slash@1.0.0
│ │   │ ├── grouped-queue@1.1.0 deduped
│ │   │ ├─┬ inquirer@7.3.3
│ │   │ │ ├── ansi-escapes@4.3.1 deduped
│ │   │ │ ├─┬ chalk@4.1.0
│ │   │ │ │ ├─┬ ansi-styles@4.3.0
│ │   │ │ │ │ └─┬ color-convert@2.0.1
│ │   │ │ │ │   └── color-name@1.1.4
│ │   │ │ │ └── supports-color@7.2.0 deduped
│ │   │ │ ├─┬ cli-cursor@3.1.0
│ │   │ │ │ └─┬ restore-cursor@3.1.0
│ │   │ │ │   ├── onetime@5.1.2 deduped
│ │   │ │ │   └── signal-exit@3.0.3 deduped
│ │   │ │ ├── cli-width@3.0.0
│ │   │ │ ├─┬ external-editor@3.1.0
│ │   │ │ │ ├── chardet@0.7.0
│ │   │ │ │ ├── iconv-lite@0.4.24 deduped
│ │   │ │ │ └─┬ tmp@0.0.33
│ │   │ │ │   └── os-tmpdir@1.0.2
│ │   │ │ ├─┬ figures@3.2.0
│ │   │ │ │ └── escape-string-regexp@1.0.5 deduped
│ │   │ │ ├── lodash@4.17.20 deduped
│ │   │ │ ├── mute-stream@0.0.8
│ │   │ │ ├── run-async@2.4.1 deduped
│ │   │ │ ├─┬ rxjs@6.6.3
│ │   │ │ │ └── tslib@1.14.1 deduped
│ │   │ │ ├─┬ string-width@4.2.0
│ │   │ │ │ ├── emoji-regex@8.0.0
│ │   │ │ │ ├── is-fullwidth-code-point@3.0.0
│ │   │ │ │ └─┬ strip-ansi@6.0.0
│ │   │ │ │   └── ansi-regex@5.0.0 deduped
│ │   │ │ ├─┬ strip-ansi@6.0.0
│ │   │ │ │ └── ansi-regex@5.0.0
│ │   │ │ └── through@2.3.8 deduped
│ │   │ ├─┬ is-scoped@1.0.0
│ │   │ │ └── scoped-regex@1.0.0
│ │   │ ├── lodash@4.17.20 deduped
│ │   │ ├─┬ log-symbols@2.2.0
│ │   │ │ └── chalk@2.4.2 deduped
│ │   │ ├─┬ mem-fs@1.2.0
│ │   │ │ ├── through2@3.0.2 deduped
│ │   │ │ ├── vinyl@2.2.1 deduped
│ │   │ │ └─┬ vinyl-file@3.0.0
│ │   │ │   ├── graceful-fs@4.2.4 deduped
│ │   │ │   ├── pify@2.3.0
│ │   │ │   ├─┬ strip-bom-buf@1.0.0
│ │   │ │   │ └── is-utf8@0.2.1
│ │   │ │   ├─┬ strip-bom-stream@2.0.0
│ │   │ │   │ ├─┬ first-chunk-stream@2.0.0
│ │   │ │   │ │ └─┬ readable-stream@2.3.7
│ │   │ │   │ │   ├── core-util-is@1.0.2 deduped
│ │   │ │   │ │   ├── inherits@2.0.4 deduped
│ │   │ │   │ │   ├── isarray@1.0.0 deduped
│ │   │ │   │ │   ├── process-nextick-args@2.0.1 deduped
│ │   │ │   │ │   ├── safe-buffer@5.1.2
│ │   │ │   │ │   ├─┬ string_decoder@1.1.1
│ │   │ │   │ │   │ └── safe-buffer@5.1.2 deduped
│ │   │ │   │ │   └── util-deprecate@1.0.2 deduped
│ │   │ │   │ └─┬ strip-bom@2.0.0
│ │   │ │   │   └── is-utf8@0.2.1 deduped
│ │   │ │   └── vinyl@2.2.1 deduped
│ │   │ ├─┬ mem-fs-editor@6.0.0
│ │   │ │ ├── commondir@1.0.1 deduped
│ │   │ │ ├── deep-extend@0.6.0 deduped
│ │   │ │ ├── ejs@2.7.4 deduped
│ │   │ │ ├── glob@7.1.6 deduped
│ │   │ │ ├─┬ globby@9.2.0
│ │   │ │ │ ├── @types/glob@7.1.3 deduped
│ │   │ │ │ ├── array-union@1.0.2 deduped
│ │   │ │ │ ├─┬ dir-glob@2.2.2
│ │   │ │ │ │ └── path-type@3.0.0 deduped
│ │   │ │ │ ├── fast-glob@2.2.7 deduped
│ │   │ │ │ ├── glob@7.1.6 deduped
│ │   │ │ │ ├── ignore@4.0.6
│ │   │ │ │ ├── pify@4.0.1 deduped
│ │   │ │ │ └── slash@2.0.0
│ │   │ │ ├── isbinaryfile@4.0.6 deduped
│ │   │ │ ├─┬ mkdirp@0.5.5
│ │   │ │ │ └── minimist@1.2.5 deduped
│ │   │ │ ├── multimatch@4.0.0 deduped
│ │   │ │ ├─┬ rimraf@2.7.1
│ │   │ │ │ └── glob@7.1.6 deduped
│ │   │ │ ├── through2@3.0.2 deduped
│ │   │ │ └── vinyl@2.2.1 deduped
│ │   │ ├─┬ npm-api@1.0.0
│ │   │ │ ├─┬ clone-deep@4.0.1
│ │   │ │ │ ├── is-plain-object@2.0.4 deduped
│ │   │ │ │ ├── kind-of@6.0.3 deduped
│ │   │ │ │ └─┬ shallow-clone@3.0.1
│ │   │ │ │   └── kind-of@6.0.3 deduped
│ │   │ │ ├─┬ download-stats@0.3.4
│ │   │ │ │ ├── JSONStream@1.3.5 deduped
│ │   │ │ │ ├─┬ lazy-cache@2.0.2
│ │   │ │ │ │ └─┬ set-getter@0.1.0
│ │   │ │ │ │   └── to-object-path@0.3.0 deduped
│ │   │ │ │ └── moment@2.29.1 deduped
│ │   │ │ ├── JSONStream@1.3.5 deduped
│ │   │ │ ├── moment@2.29.1
│ │   │ │ ├─┬ paged-request@2.0.1
│ │   │ │ │ └─┬ axios@0.18.1
│ │   │ │ │   ├─┬ follow-redirects@1.5.10
│ │   │ │ │   │ └─┬ debug@3.1.0
│ │   │ │ │   │   └── ms@2.0.0 deduped
│ │   │ │ │   └── is-buffer@2.0.4
│ │   │ │ └── request@2.88.2 deduped
│ │   │ ├── semver@7.3.2
│ │   │ ├─┬ strip-ansi@4.0.0
│ │   │ │ └── ansi-regex@3.0.0
│ │   │ ├── text-table@0.2.0 deduped
│ │   │ ├── untildify@3.0.3
│ │   │ └── yeoman-generator@4.12.0 deduped
│ │   └── yeoman-generator@4.12.0 deduped
│ ├── @webpack-cli/serve@1.0.1
│ ├─┬ ansi-escapes@4.3.1
│ │ └── type-fest@0.11.0
│ ├── colorette@1.2.1
│ ├─┬ command-line-usage@6.1.0
│ │ ├── array-back@4.0.1
│ │ ├── chalk@2.4.2 deduped
│ │ ├─┬ table-layout@1.0.1
│ │ │ ├── array-back@4.0.1 deduped
│ │ │ ├── deep-extend@0.6.0
│ │ │ ├── typical@5.2.0 deduped
│ │ │ └─┬ wordwrapjs@4.0.0
│ │ │   ├── reduce-flatten@2.0.0
│ │ │   └── typical@5.2.0 deduped
│ │ └── typical@5.2.0
│ ├── commander@6.1.0
│ ├─┬ enquirer@2.3.6
│ │ └── ansi-colors@4.1.1
│ ├─┬ execa@4.0.3
│ │ ├─┬ cross-spawn@7.0.3
│ │ │ ├── path-key@3.1.1
│ │ │ ├─┬ shebang-command@2.0.0
│ │ │ │ └── shebang-regex@3.0.0
│ │ │ └─┬ which@2.0.2
│ │ │   └── isexe@2.0.0
│ │ ├─┬ get-stream@5.2.0
│ │ │ └─┬ pump@3.0.0
│ │ │   ├─┬ end-of-stream@1.4.4
│ │ │   │ └── once@1.4.0 deduped
│ │ │   └── once@1.4.0 deduped
│ │ ├── human-signals@1.1.1
│ │ ├── is-stream@2.0.0 deduped
│ │ ├── merge-stream@2.0.0
│ │ ├─┬ npm-run-path@4.0.1
│ │ │ └── path-key@3.1.1 deduped
│ │ ├─┬ onetime@5.1.2
│ │ │ └── mimic-fn@2.1.0
│ │ ├── signal-exit@3.0.3
│ │ └── strip-final-newline@2.0.0
│ ├─┬ import-local@3.0.2
│ │ ├── pkg-dir@4.2.0 deduped
│ │ └─┬ resolve-cwd@3.0.0
│ │   └── resolve-from@5.0.0
│ ├── interpret@2.2.0
│ ├─┬ rechoir@0.7.0
│ │ └─┬ resolve@1.17.0
│ │   └── path-parse@1.0.6
│ ├── v8-compile-cache@2.1.1
│ └─┬ webpack-merge@4.2.2
│   └── lodash@4.17.20 deduped
└─┬ webpack-common-shake@2.1.0
  ├── acorn@5.7.4
  ├─┬ common-shake@2.1.0
  │ ├── acorn@5.7.4
  │ ├── debug@2.6.9 deduped
  │ └─┬ escope@3.6.0
  │   ├─┬ es6-map@0.1.5
  │   │ ├─┬ d@1.0.1
  │   │ │ ├── es5-ext@0.10.53 deduped
  │   │ │ └── type@1.2.0
  │   │ ├─┬ es5-ext@0.10.53
  │   │ │ ├── es6-iterator@2.0.3 deduped
  │   │ │ ├── es6-symbol@3.1.3 deduped
  │   │ │ └── next-tick@1.0.0
  │   │ ├─┬ es6-iterator@2.0.3
  │   │ │ ├── d@1.0.1 deduped
  │   │ │ ├── es5-ext@0.10.53 deduped
  │   │ │ └── es6-symbol@3.1.3 deduped
  │   │ ├─┬ es6-set@0.1.5
  │   │ │ ├── d@1.0.1 deduped
  │   │ │ ├── es5-ext@0.10.53 deduped
  │   │ │ ├── es6-iterator@2.0.3 deduped
  │   │ │ ├─┬ es6-symbol@3.1.1
  │   │ │ │ ├── d@1.0.1 deduped
  │   │ │ │ └── es5-ext@0.10.53 deduped
  │   │ │ └── event-emitter@0.3.5 deduped
  │   │ ├─┬ es6-symbol@3.1.3
  │   │ │ ├── d@1.0.1 deduped
  │   │ │ └─┬ ext@1.4.0
  │   │ │   └── type@2.1.0
  │   │ └─┬ event-emitter@0.3.5
  │   │   ├── d@1.0.1 deduped
  │   │   └── es5-ext@0.10.53 deduped
  │   ├─┬ es6-weak-map@2.0.3
  │   │ ├── d@1.0.1 deduped
  │   │ ├── es5-ext@0.10.53 deduped
  │   │ ├── es6-iterator@2.0.3 deduped
  │   │ └── es6-symbol@3.1.3 deduped
  │   ├── esrecurse@4.3.0 deduped
  │   └── estraverse@4.3.0 deduped
  ├─┬ webpack@4.44.2
  │ ├── @webassemblyjs/ast@1.9.0 deduped
  │ ├── @webassemblyjs/helper-module-context@1.9.0 deduped
  │ ├── @webassemblyjs/wasm-edit@1.9.0 deduped
  │ ├── @webassemblyjs/wasm-parser@1.9.0 deduped
  │ ├── acorn@6.4.2
  │ ├── ajv@6.12.6 deduped
  │ ├── ajv-keywords@3.5.2 deduped
  │ ├── chrome-trace-event@1.0.2 deduped
  │ ├─┬ enhanced-resolve@4.3.0
  │ │ ├── graceful-fs@4.2.4 deduped
  │ │ ├─┬ memory-fs@0.5.0
  │ │ │ ├── errno@0.1.7 deduped
  │ │ │ └─┬ readable-stream@2.3.7
  │ │ │   ├── core-util-is@1.0.2 deduped
  │ │ │   ├── inherits@2.0.4 deduped
  │ │ │   ├── isarray@1.0.0 deduped
  │ │ │   ├── process-nextick-args@2.0.1 deduped
  │ │ │   ├── safe-buffer@5.1.2
  │ │ │   ├─┬ string_decoder@1.1.1
  │ │ │   │ └── safe-buffer@5.1.2 deduped
  │ │ │   └── util-deprecate@1.0.2 deduped
  │ │ └── tapable@1.1.3 deduped
  │ ├─┬ eslint-scope@4.0.3
  │ │ ├── esrecurse@4.3.0 deduped
  │ │ └── estraverse@4.3.0 deduped
  │ ├── json-parse-better-errors@1.0.2 deduped
  │ ├── loader-runner@2.4.0
  │ ├─┬ loader-utils@1.4.0
  │ │ ├── big.js@5.2.2
  │ │ ├── emojis-list@3.0.0
  │ │ └─┬ json5@1.0.1
  │ │   └── minimist@1.2.5 deduped
  │ ├─┬ memory-fs@0.4.1
  │ │ ├─┬ errno@0.1.7
  │ │ │ └── prr@1.0.1
  │ │ └─┬ readable-stream@2.3.7
  │ │   ├── core-util-is@1.0.2
  │ │   ├── inherits@2.0.4 deduped
  │ │   ├── isarray@1.0.0
  │ │   ├── process-nextick-args@2.0.1
  │ │   ├── safe-buffer@5.1.2
  │ │   ├─┬ string_decoder@1.1.1
  │ │   │ └── safe-buffer@5.1.2 deduped
  │ │   └── util-deprecate@1.0.2 deduped
  │ ├─┬ micromatch@3.1.10
  │ │ ├── arr-diff@4.0.0
  │ │ ├── array-unique@0.3.2
  │ │ ├─┬ braces@2.3.2
  │ │ │ ├── arr-flatten@1.1.0
  │ │ │ ├── array-unique@0.3.2 deduped
  │ │ │ ├─┬ extend-shallow@2.0.1
  │ │ │ │ └── is-extendable@0.1.1 deduped
  │ │ │ ├─┬ fill-range@4.0.0
  │ │ │ │ ├─┬ extend-shallow@2.0.1
  │ │ │ │ │ └── is-extendable@0.1.1 deduped
  │ │ │ │ ├─┬ is-number@3.0.0
  │ │ │ │ │ └─┬ kind-of@3.2.2
  │ │ │ │ │   └── is-buffer@1.1.6 deduped
  │ │ │ │ ├── repeat-string@1.6.1
  │ │ │ │ └─┬ to-regex-range@2.1.1
  │ │ │ │   ├── is-number@3.0.0 deduped
  │ │ │ │   └── repeat-string@1.6.1 deduped
  │ │ │ ├── isobject@3.0.1 deduped
  │ │ │ ├── repeat-element@1.1.3
  │ │ │ ├── snapdragon@0.8.2 deduped
  │ │ │ ├─┬ snapdragon-node@2.1.1
  │ │ │ │ ├─┬ define-property@1.0.0
  │ │ │ │ │ └─┬ is-descriptor@1.0.2
  │ │ │ │ │   ├─┬ is-accessor-descriptor@1.0.0
  │ │ │ │ │   │ └── kind-of@6.0.3 deduped
  │ │ │ │ │   ├─┬ is-data-descriptor@1.0.0
  │ │ │ │ │   │ └── kind-of@6.0.3 deduped
  │ │ │ │ │   └── kind-of@6.0.3 deduped
  │ │ │ │ ├── isobject@3.0.1 deduped
  │ │ │ │ └─┬ snapdragon-util@3.0.1
  │ │ │ │   └─┬ kind-of@3.2.2
  │ │ │ │     └── is-buffer@1.1.6
  │ │ │ ├─┬ split-string@3.1.0
  │ │ │ │ └── extend-shallow@3.0.2 deduped
  │ │ │ └── to-regex@3.0.2 deduped
  │ │ ├─┬ define-property@2.0.2
  │ │ │ ├─┬ is-descriptor@1.0.2
  │ │ │ │ ├─┬ is-accessor-descriptor@1.0.0
  │ │ │ │ │ └── kind-of@6.0.3 deduped
  │ │ │ │ ├─┬ is-data-descriptor@1.0.0
  │ │ │ │ │ └── kind-of@6.0.3 deduped
  │ │ │ │ └── kind-of@6.0.3 deduped
  │ │ │ └── isobject@3.0.1
  │ │ ├─┬ extend-shallow@3.0.2
  │ │ │ ├── assign-symbols@1.0.0
  │ │ │ └─┬ is-extendable@1.0.1
  │ │ │   └─┬ is-plain-object@2.0.4
  │ │ │     └── isobject@3.0.1 deduped
  │ │ ├─┬ extglob@2.0.4
  │ │ │ ├── array-unique@0.3.2 deduped
  │ │ │ ├─┬ define-property@1.0.0
  │ │ │ │ └─┬ is-descriptor@1.0.2
  │ │ │ │   ├─┬ is-accessor-descriptor@1.0.0
  │ │ │ │   │ └── kind-of@6.0.3 deduped
  │ │ │ │   ├─┬ is-data-descriptor@1.0.0
  │ │ │ │   │ └── kind-of@6.0.3 deduped
  │ │ │ │   └── kind-of@6.0.3 deduped
  │ │ │ ├─┬ expand-brackets@2.1.4
  │ │ │ │ ├── debug@2.6.9 deduped
  │ │ │ │ ├─┬ define-property@0.2.5
  │ │ │ │ │ └── is-descriptor@0.1.6 deduped
  │ │ │ │ ├─┬ extend-shallow@2.0.1
  │ │ │ │ │ └── is-extendable@0.1.1 deduped
  │ │ │ │ ├── posix-character-classes@0.1.1
  │ │ │ │ ├── regex-not@1.0.2 deduped
  │ │ │ │ ├── snapdragon@0.8.2 deduped
  │ │ │ │ └── to-regex@3.0.2 deduped
  │ │ │ ├─┬ extend-shallow@2.0.1
  │ │ │ │ └── is-extendable@0.1.1
  │ │ │ ├── fragment-cache@0.2.1 deduped
  │ │ │ ├── regex-not@1.0.2 deduped
  │ │ │ ├── snapdragon@0.8.2 deduped
  │ │ │ └── to-regex@3.0.2 deduped
  │ │ ├─┬ fragment-cache@0.2.1
  │ │ │ └── map-cache@0.2.2
  │ │ ├── kind-of@6.0.3
  │ │ ├─┬ nanomatch@1.2.13
  │ │ │ ├── arr-diff@4.0.0 deduped
  │ │ │ ├── array-unique@0.3.2 deduped
  │ │ │ ├── define-property@2.0.2 deduped
  │ │ │ ├── extend-shallow@3.0.2 deduped
  │ │ │ ├── fragment-cache@0.2.1 deduped
  │ │ │ ├── is-windows@1.0.2 deduped
  │ │ │ ├── kind-of@6.0.3 deduped
  │ │ │ ├── object.pick@1.3.0 deduped
  │ │ │ ├── regex-not@1.0.2 deduped
  │ │ │ ├── snapdragon@0.8.2 deduped
  │ │ │ └── to-regex@3.0.2 deduped
  │ │ ├─┬ object.pick@1.3.0
  │ │ │ └── isobject@3.0.1 deduped
  │ │ ├─┬ regex-not@1.0.2
  │ │ │ ├── extend-shallow@3.0.2 deduped
  │ │ │ └─┬ safe-regex@1.1.0
  │ │ │   └── ret@0.1.15
  │ │ ├─┬ snapdragon@0.8.2
  │ │ │ ├─┬ base@0.11.2
  │ │ │ │ ├─┬ cache-base@1.0.1
  │ │ │ │ │ ├─┬ collection-visit@1.0.0
  │ │ │ │ │ │ ├─┬ map-visit@1.0.0
  │ │ │ │ │ │ │ └── object-visit@1.0.1 deduped
  │ │ │ │ │ │ └─┬ object-visit@1.0.1
  │ │ │ │ │ │   └── isobject@3.0.1 deduped
  │ │ │ │ │ ├── component-emitter@1.3.0 deduped
  │ │ │ │ │ ├── get-value@2.0.6
  │ │ │ │ │ ├─┬ has-value@1.0.0
  │ │ │ │ │ │ ├── get-value@2.0.6 deduped
  │ │ │ │ │ │ ├─┬ has-values@1.0.0
  │ │ │ │ │ │ │ ├─┬ is-number@3.0.0
  │ │ │ │ │ │ │ │ └─┬ kind-of@3.2.2
  │ │ │ │ │ │ │ │   └── is-buffer@1.1.6 deduped
  │ │ │ │ │ │ │ └─┬ kind-of@4.0.0
  │ │ │ │ │ │ │   └── is-buffer@1.1.6 deduped
  │ │ │ │ │ │ └── isobject@3.0.1 deduped
  │ │ │ │ │ ├── isobject@3.0.1 deduped
  │ │ │ │ │ ├─┬ set-value@2.0.1
  │ │ │ │ │ │ ├─┬ extend-shallow@2.0.1
  │ │ │ │ │ │ │ └── is-extendable@0.1.1 deduped
  │ │ │ │ │ │ ├── is-extendable@0.1.1 deduped
  │ │ │ │ │ │ ├── is-plain-object@2.0.4 deduped
  │ │ │ │ │ │ └── split-string@3.1.0 deduped
  │ │ │ │ │ ├─┬ to-object-path@0.3.0
  │ │ │ │ │ │ └─┬ kind-of@3.2.2
  │ │ │ │ │ │   └── is-buffer@1.1.6 deduped
  │ │ │ │ │ ├─┬ union-value@1.0.1
  │ │ │ │ │ │ ├── arr-union@3.1.0 deduped
  │ │ │ │ │ │ ├── get-value@2.0.6 deduped
  │ │ │ │ │ │ ├── is-extendable@0.1.1 deduped
  │ │ │ │ │ │ └── set-value@2.0.1 deduped
  │ │ │ │ │ └─┬ unset-value@1.0.0
  │ │ │ │ │   ├─┬ has-value@0.3.1
  │ │ │ │ │   │ ├── get-value@2.0.6 deduped
  │ │ │ │ │   │ ├── has-values@0.1.4
  │ │ │ │ │   │ └─┬ isobject@2.1.0
  │ │ │ │ │   │   └── isarray@1.0.0 deduped
  │ │ │ │ │   └── isobject@3.0.1 deduped
  │ │ │ │ ├─┬ class-utils@0.3.6
  │ │ │ │ │ ├── arr-union@3.1.0
  │ │ │ │ │ ├─┬ define-property@0.2.5
  │ │ │ │ │ │ └── is-descriptor@0.1.6 deduped
  │ │ │ │ │ ├── isobject@3.0.1 deduped
  │ │ │ │ │ └─┬ static-extend@0.1.2
  │ │ │ │ │   ├─┬ define-property@0.2.5
  │ │ │ │ │   │ └── is-descriptor@0.1.6 deduped
  │ │ │ │ │   └─┬ object-copy@0.1.0
  │ │ │ │ │     ├── copy-descriptor@0.1.1
  │ │ │ │ │     ├─┬ define-property@0.2.5
  │ │ │ │ │     │ └── is-descriptor@0.1.6 deduped
  │ │ │ │ │     └─┬ kind-of@3.2.2
  │ │ │ │ │       └── is-buffer@1.1.6 deduped
  │ │ │ │ ├── component-emitter@1.3.0
  │ │ │ │ ├─┬ define-property@1.0.0
  │ │ │ │ │ └─┬ is-descriptor@1.0.2
  │ │ │ │ │   ├─┬ is-accessor-descriptor@1.0.0
  │ │ │ │ │   │ └── kind-of@6.0.3 deduped
  │ │ │ │ │   ├─┬ is-data-descriptor@1.0.0
  │ │ │ │ │   │ └── kind-of@6.0.3 deduped
  │ │ │ │ │   └── kind-of@6.0.3 deduped
  │ │ │ │ ├── isobject@3.0.1 deduped
  │ │ │ │ ├─┬ mixin-deep@1.3.2
  │ │ │ │ │ ├── for-in@1.0.2
  │ │ │ │ │ └─┬ is-extendable@1.0.1
  │ │ │ │ │   └── is-plain-object@2.0.4 deduped
  │ │ │ │ └── pascalcase@0.1.1
  │ │ │ ├── debug@2.6.9 deduped
  │ │ │ ├─┬ define-property@0.2.5
  │ │ │ │ └─┬ is-descriptor@0.1.6
  │ │ │ │   ├─┬ is-accessor-descriptor@0.1.6
  │ │ │ │   │ └─┬ kind-of@3.2.2
  │ │ │ │   │   └── is-buffer@1.1.6 deduped
  │ │ │ │   ├─┬ is-data-descriptor@0.1.4
  │ │ │ │   │ └─┬ kind-of@3.2.2
  │ │ │ │   │   └── is-buffer@1.1.6 deduped
  │ │ │ │   └── kind-of@5.1.0
  │ │ │ ├─┬ extend-shallow@2.0.1
  │ │ │ │ └── is-extendable@0.1.1 deduped
  │ │ │ ├── map-cache@0.2.2 deduped
  │ │ │ ├── source-map@0.5.7
  │ │ │ ├─┬ source-map-resolve@0.5.3
  │ │ │ │ ├── atob@2.1.2
  │ │ │ │ ├── decode-uri-component@0.2.0
  │ │ │ │ ├── resolve-url@0.2.1
  │ │ │ │ ├── source-map-url@0.4.0
  │ │ │ │ └── urix@0.1.0
  │ │ │ └── use@3.1.1
  │ │ └─┬ to-regex@3.0.2
  │ │   ├── define-property@2.0.2 deduped
  │ │   ├── extend-shallow@3.0.2 deduped
  │ │   ├── regex-not@1.0.2 deduped
  │ │   └── safe-regex@1.1.0 deduped
  │ ├─┬ mkdirp@0.5.5
  │ │ └── minimist@1.2.5 deduped
  │ ├── neo-async@2.6.2 deduped
  │ ├─┬ node-libs-browser@2.2.1
  │ │ ├─┬ assert@1.5.0
  │ │ │ ├── object-assign@4.1.1
  │ │ │ └─┬ util@0.10.3
  │ │ │   └── inherits@2.0.1
  │ │ ├─┬ browserify-zlib@0.2.0
  │ │ │ └── pako@1.0.11
  │ │ ├─┬ buffer@4.9.2
  │ │ │ ├── base64-js@1.3.1
  │ │ │ ├── ieee754@1.1.13
  │ │ │ └── isarray@1.0.0 deduped
  │ │ ├── console-browserify@1.2.0
  │ │ ├── constants-browserify@1.0.0
  │ │ ├─┬ crypto-browserify@3.12.0
  │ │ │ ├─┬ browserify-cipher@1.0.1
  │ │ │ │ ├─┬ browserify-aes@1.2.0
  │ │ │ │ │ ├── buffer-xor@1.0.3
  │ │ │ │ │ ├── cipher-base@1.0.4 deduped
  │ │ │ │ │ ├── create-hash@1.2.0 deduped
  │ │ │ │ │ ├── evp_bytestokey@1.0.3 deduped
  │ │ │ │ │ ├── inherits@2.0.4 deduped
  │ │ │ │ │ └── safe-buffer@5.2.1 deduped
  │ │ │ │ ├─┬ browserify-des@1.0.2
  │ │ │ │ │ ├── cipher-base@1.0.4 deduped
  │ │ │ │ │ ├─┬ des.js@1.0.1
  │ │ │ │ │ │ ├── inherits@2.0.4 deduped
  │ │ │ │ │ │ └── minimalistic-assert@1.0.1 deduped
  │ │ │ │ │ ├── inherits@2.0.4 deduped
  │ │ │ │ │ └── safe-buffer@5.2.1 deduped
  │ │ │ │ └─┬ evp_bytestokey@1.0.3
  │ │ │ │   ├── md5.js@1.3.5 deduped
  │ │ │ │   └── safe-buffer@5.2.1 deduped
  │ │ │ ├─┬ browserify-sign@4.2.1
  │ │ │ │ ├── bn.js@5.1.3
  │ │ │ │ ├─┬ browserify-rsa@4.0.1
  │ │ │ │ │ ├── bn.js@4.11.9
  │ │ │ │ │ └── randombytes@2.1.0 deduped
  │ │ │ │ ├── create-hash@1.2.0 deduped
  │ │ │ │ ├── create-hmac@1.1.7 deduped
  │ │ │ │ ├─┬ elliptic@6.5.3
  │ │ │ │ │ ├── bn.js@4.11.9
  │ │ │ │ │ ├── brorand@1.1.0
  │ │ │ │ │ ├─┬ hash.js@1.1.7
  │ │ │ │ │ │ ├── inherits@2.0.4 deduped
  │ │ │ │ │ │ └── minimalistic-assert@1.0.1 deduped
  │ │ │ │ │ ├─┬ hmac-drbg@1.0.1
  │ │ │ │ │ │ ├── hash.js@1.1.7 deduped
  │ │ │ │ │ │ ├── minimalistic-assert@1.0.1 deduped
  │ │ │ │ │ │ └── minimalistic-crypto-utils@1.0.1 deduped
  │ │ │ │ │ ├── inherits@2.0.4 deduped
  │ │ │ │ │ ├── minimalistic-assert@1.0.1
  │ │ │ │ │ └── minimalistic-crypto-utils@1.0.1
  │ │ │ │ ├── inherits@2.0.4 deduped
  │ │ │ │ ├─┬ parse-asn1@5.1.6
  │ │ │ │ │ ├─┬ asn1.js@5.4.1
  │ │ │ │ │ │ ├── bn.js@4.11.9
  │ │ │ │ │ │ ├── inherits@2.0.4 deduped
  │ │ │ │ │ │ ├── minimalistic-assert@1.0.1 deduped
  │ │ │ │ │ │ └── safer-buffer@2.1.2 deduped
  │ │ │ │ │ ├── browserify-aes@1.2.0 deduped
  │ │ │ │ │ ├── evp_bytestokey@1.0.3 deduped
  │ │ │ │ │ ├── pbkdf2@3.1.1 deduped
  │ │ │ │ │ └── safe-buffer@5.2.1 deduped
  │ │ │ │ ├── readable-stream@3.6.0 deduped
  │ │ │ │ └── safe-buffer@5.2.1 deduped
  │ │ │ ├─┬ create-ecdh@4.0.4
  │ │ │ │ ├── bn.js@4.11.9
  │ │ │ │ └── elliptic@6.5.3 deduped
  │ │ │ ├── create-hash@1.2.0 deduped
  │ │ │ ├─┬ create-hmac@1.1.7
  │ │ │ │ ├── cipher-base@1.0.4 deduped
  │ │ │ │ ├── create-hash@1.2.0 deduped
  │ │ │ │ ├── inherits@2.0.4 deduped
  │ │ │ │ ├── ripemd160@2.0.2 deduped
  │ │ │ │ ├── safe-buffer@5.2.1 deduped
  │ │ │ │ └── sha.js@2.4.11 deduped
  │ │ │ ├─┬ diffie-hellman@5.0.3
  │ │ │ │ ├── bn.js@4.11.9
  │ │ │ │ ├─┬ miller-rabin@4.0.1
  │ │ │ │ │ ├── bn.js@4.11.9
  │ │ │ │ │ └── brorand@1.1.0 deduped
  │ │ │ │ └── randombytes@2.1.0 deduped
  │ │ │ ├── inherits@2.0.4 deduped
  │ │ │ ├─┬ pbkdf2@3.1.1
  │ │ │ │ ├── create-hash@1.2.0 deduped
  │ │ │ │ ├── create-hmac@1.1.7 deduped
  │ │ │ │ ├── ripemd160@2.0.2 deduped
  │ │ │ │ ├── safe-buffer@5.2.1 deduped
  │ │ │ │ └── sha.js@2.4.11 deduped
  │ │ │ ├─┬ public-encrypt@4.0.3
  │ │ │ │ ├── bn.js@4.11.9
  │ │ │ │ ├── browserify-rsa@4.0.1 deduped
  │ │ │ │ ├── create-hash@1.2.0 deduped
  │ │ │ │ ├── parse-asn1@5.1.6 deduped
  │ │ │ │ ├── randombytes@2.1.0 deduped
  │ │ │ │ └── safe-buffer@5.2.1 deduped
  │ │ │ ├── randombytes@2.1.0 deduped
  │ │ │ └─┬ randomfill@1.0.4
  │ │ │   ├── randombytes@2.1.0 deduped
  │ │ │   └── safe-buffer@5.2.1 deduped
  │ │ ├── domain-browser@1.2.0
  │ │ ├── events@3.2.0 deduped
  │ │ ├── https-browserify@1.0.0
  │ │ ├── os-browserify@0.3.0
  │ │ ├── path-browserify@0.0.1
  │ │ ├── process@0.11.10
  │ │ ├── punycode@1.4.1
  │ │ ├── querystring-es3@0.2.1
  │ │ ├─┬ readable-stream@2.3.7
  │ │ │ ├── core-util-is@1.0.2 deduped
  │ │ │ ├── inherits@2.0.4 deduped
  │ │ │ ├── isarray@1.0.0 deduped
  │ │ │ ├── process-nextick-args@2.0.1 deduped
  │ │ │ ├── safe-buffer@5.1.2
  │ │ │ ├─┬ string_decoder@1.1.1
  │ │ │ │ └── safe-buffer@5.1.2 deduped
  │ │ │ └── util-deprecate@1.0.2 deduped
  │ │ ├─┬ stream-browserify@2.0.2
  │ │ │ ├── inherits@2.0.4 deduped
  │ │ │ └─┬ readable-stream@2.3.7
  │ │ │   ├── core-util-is@1.0.2 deduped
  │ │ │   ├── inherits@2.0.4 deduped
  │ │ │   ├── isarray@1.0.0 deduped
  │ │ │   ├── process-nextick-args@2.0.1 deduped
  │ │ │   ├── safe-buffer@5.1.2
  │ │ │   ├─┬ string_decoder@1.1.1
  │ │ │   │ └── safe-buffer@5.1.2 deduped
  │ │ │   └── util-deprecate@1.0.2 deduped
  │ │ ├─┬ stream-http@2.8.3
  │ │ │ ├── builtin-status-codes@3.0.0
  │ │ │ ├── inherits@2.0.4 deduped
  │ │ │ ├─┬ readable-stream@2.3.7
  │ │ │ │ ├── core-util-is@1.0.2 deduped
  │ │ │ │ ├── inherits@2.0.4 deduped
  │ │ │ │ ├── isarray@1.0.0 deduped
  │ │ │ │ ├── process-nextick-args@2.0.1 deduped
  │ │ │ │ ├── safe-buffer@5.1.2
  │ │ │ │ ├─┬ string_decoder@1.1.1
  │ │ │ │ │ └── safe-buffer@5.1.2 deduped
  │ │ │ │ └── util-deprecate@1.0.2 deduped
  │ │ │ ├── to-arraybuffer@1.0.1
  │ │ │ └── xtend@4.0.2 deduped
  │ │ ├─┬ string_decoder@1.3.0
  │ │ │ └── safe-buffer@5.2.1 deduped
  │ │ ├─┬ timers-browserify@2.0.11
  │ │ │ └── setimmediate@1.0.5
  │ │ ├── tty-browserify@0.0.0
  │ │ ├─┬ url@0.11.0
  │ │ │ ├── punycode@1.3.2
  │ │ │ └── querystring@0.2.0
  │ │ ├─┬ util@0.11.1
  │ │ │ └── inherits@2.0.3
  │ │ └── vm-browserify@1.1.2
  │ ├─┬ schema-utils@1.0.0
  │ │ ├── ajv@6.12.6 deduped
  │ │ ├── ajv-errors@1.0.1
  │ │ └── ajv-keywords@3.5.2 deduped
  │ ├── tapable@1.1.3
  │ ├─┬ terser-webpack-plugin@1.4.5
  │ │ ├─┬ cacache@12.0.4
  │ │ │ ├── bluebird@3.7.2 deduped
  │ │ │ ├── chownr@1.1.4
  │ │ │ ├── figgy-pudding@3.5.2
  │ │ │ ├── glob@7.1.6 deduped
  │ │ │ ├── graceful-fs@4.2.4 deduped
  │ │ │ ├── infer-owner@1.0.4 deduped
  │ │ │ ├─┬ lru-cache@5.1.1
  │ │ │ │ └── yallist@3.1.1
  │ │ │ ├─┬ mississippi@3.0.0
  │ │ │ │ ├─┬ concat-stream@1.6.2
  │ │ │ │ │ ├── buffer-from@1.1.1 deduped
  │ │ │ │ │ ├── inherits@2.0.4 deduped
  │ │ │ │ │ ├─┬ readable-stream@2.3.7
  │ │ │ │ │ │ ├── core-util-is@1.0.2 deduped
  │ │ │ │ │ │ ├── inherits@2.0.4 deduped
  │ │ │ │ │ │ ├── isarray@1.0.0 deduped
  │ │ │ │ │ │ ├── process-nextick-args@2.0.1 deduped
  │ │ │ │ │ │ ├── safe-buffer@5.1.2
  │ │ │ │ │ │ ├─┬ string_decoder@1.1.1
  │ │ │ │ │ │ │ └── safe-buffer@5.1.2 deduped
  │ │ │ │ │ │ └── util-deprecate@1.0.2 deduped
  │ │ │ │ │ └── typedarray@0.0.6
  │ │ │ │ ├─┬ duplexify@3.7.1
  │ │ │ │ │ ├── end-of-stream@1.4.4 deduped
  │ │ │ │ │ ├── inherits@2.0.4 deduped
  │ │ │ │ │ ├─┬ readable-stream@2.3.7
  │ │ │ │ │ │ ├── core-util-is@1.0.2 deduped
  │ │ │ │ │ │ ├── inherits@2.0.4 deduped
  │ │ │ │ │ │ ├── isarray@1.0.0 deduped
  │ │ │ │ │ │ ├── process-nextick-args@2.0.1 deduped
  │ │ │ │ │ │ ├── safe-buffer@5.1.2
  │ │ │ │ │ │ ├─┬ string_decoder@1.1.1
  │ │ │ │ │ │ │ └── safe-buffer@5.1.2 deduped
  │ │ │ │ │ │ └── util-deprecate@1.0.2 deduped
  │ │ │ │ │ └── stream-shift@1.0.1
  │ │ │ │ ├── end-of-stream@1.4.4 deduped
  │ │ │ │ ├─┬ flush-write-stream@1.1.1
  │ │ │ │ │ ├── inherits@2.0.4 deduped
  │ │ │ │ │ └─┬ readable-stream@2.3.7
  │ │ │ │ │   ├── core-util-is@1.0.2 deduped
  │ │ │ │ │   ├── inherits@2.0.4 deduped
  │ │ │ │ │   ├── isarray@1.0.0 deduped
  │ │ │ │ │   ├── process-nextick-args@2.0.1 deduped
  │ │ │ │ │   ├── safe-buffer@5.1.2
  │ │ │ │ │   ├─┬ string_decoder@1.1.1
  │ │ │ │ │   │ └── safe-buffer@5.1.2 deduped
  │ │ │ │ │   └── util-deprecate@1.0.2 deduped
  │ │ │ │ ├─┬ from2@2.3.0
  │ │ │ │ │ ├── inherits@2.0.4 deduped
  │ │ │ │ │ └─┬ readable-stream@2.3.7
  │ │ │ │ │   ├── core-util-is@1.0.2 deduped
  │ │ │ │ │   ├── inherits@2.0.4 deduped
  │ │ │ │ │   ├── isarray@1.0.0 deduped
  │ │ │ │ │   ├── process-nextick-args@2.0.1 deduped
  │ │ │ │ │   ├── safe-buffer@5.1.2
  │ │ │ │ │   ├─┬ string_decoder@1.1.1
  │ │ │ │ │   │ └── safe-buffer@5.1.2 deduped
  │ │ │ │ │   └── util-deprecate@1.0.2 deduped
  │ │ │ │ ├─┬ parallel-transform@1.2.0
  │ │ │ │ │ ├── cyclist@1.0.1
  │ │ │ │ │ ├── inherits@2.0.4 deduped
  │ │ │ │ │ └─┬ readable-stream@2.3.7
  │ │ │ │ │   ├── core-util-is@1.0.2 deduped
  │ │ │ │ │   ├── inherits@2.0.4 deduped
  │ │ │ │ │   ├── isarray@1.0.0 deduped
  │ │ │ │ │   ├── process-nextick-args@2.0.1 deduped
  │ │ │ │ │   ├── safe-buffer@5.1.2
  │ │ │ │ │   ├─┬ string_decoder@1.1.1
  │ │ │ │ │   │ └── safe-buffer@5.1.2 deduped
  │ │ │ │ │   └── util-deprecate@1.0.2 deduped
  │ │ │ │ ├── pump@3.0.0 deduped
  │ │ │ │ ├─┬ pumpify@1.5.1
  │ │ │ │ │ ├── duplexify@3.7.1 deduped
  │ │ │ │ │ ├── inherits@2.0.4 deduped
  │ │ │ │ │ └─┬ pump@2.0.1
  │ │ │ │ │   ├── end-of-stream@1.4.4 deduped
  │ │ │ │ │   └── once@1.4.0 deduped
  │ │ │ │ ├─┬ stream-each@1.2.3
  │ │ │ │ │ ├── end-of-stream@1.4.4 deduped
  │ │ │ │ │ └── stream-shift@1.0.1 deduped
  │ │ │ │ └─┬ through2@2.0.5
  │ │ │ │   ├─┬ readable-stream@2.3.7
  │ │ │ │   │ ├── core-util-is@1.0.2 deduped
  │ │ │ │   │ ├── inherits@2.0.4 deduped
  │ │ │ │   │ ├── isarray@1.0.0 deduped
  │ │ │ │   │ ├── process-nextick-args@2.0.1 deduped
  │ │ │ │   │ ├── safe-buffer@5.1.2
  │ │ │ │   │ ├─┬ string_decoder@1.1.1
  │ │ │ │   │ │ └── safe-buffer@5.1.2 deduped
  │ │ │ │   │ └── util-deprecate@1.0.2 deduped
  │ │ │ │   └── xtend@4.0.2 deduped
  │ │ │ ├── mkdirp@0.5.5 deduped
  │ │ │ ├─┬ move-concurrently@1.0.1
  │ │ │ │ ├── aproba@1.2.0
  │ │ │ │ ├─┬ copy-concurrently@1.0.5
  │ │ │ │ │ ├── aproba@1.2.0 deduped
  │ │ │ │ │ ├── fs-write-stream-atomic@1.0.10 deduped
  │ │ │ │ │ ├── iferr@0.1.5
  │ │ │ │ │ ├─┬ mkdirp@0.5.5
  │ │ │ │ │ │ └── minimist@1.2.5 deduped
  │ │ │ │ │ ├─┬ rimraf@2.7.1
  │ │ │ │ │ │ └── glob@7.1.6 deduped
  │ │ │ │ │ └── run-queue@1.0.3 deduped
  │ │ │ │ ├─┬ fs-write-stream-atomic@1.0.10
  │ │ │ │ │ ├── graceful-fs@4.2.4 deduped
  │ │ │ │ │ ├── iferr@0.1.5 deduped
  │ │ │ │ │ ├── imurmurhash@0.1.4 deduped
  │ │ │ │ │ └─┬ readable-stream@2.3.7
  │ │ │ │ │   ├── core-util-is@1.0.2 deduped
  │ │ │ │ │   ├── inherits@2.0.4 deduped
  │ │ │ │ │   ├── isarray@1.0.0 deduped
  │ │ │ │ │   ├── process-nextick-args@2.0.1 deduped
  │ │ │ │ │   ├── safe-buffer@5.1.2
  │ │ │ │ │   ├─┬ string_decoder@1.1.1
  │ │ │ │ │   │ └── safe-buffer@5.1.2 deduped
  │ │ │ │ │   └── util-deprecate@1.0.2 deduped
  │ │ │ │ ├─┬ mkdirp@0.5.5
  │ │ │ │ │ └── minimist@1.2.5 deduped
  │ │ │ │ ├─┬ rimraf@2.7.1
  │ │ │ │ │ └── glob@7.1.6 deduped
  │ │ │ │ └─┬ run-queue@1.0.3
  │ │ │ │   └── aproba@1.2.0 deduped
  │ │ │ ├── promise-inflight@1.0.1 deduped
  │ │ │ ├─┬ rimraf@2.7.1
  │ │ │ │ └── glob@7.1.6 deduped
  │ │ │ ├─┬ ssri@6.0.1
  │ │ │ │ └── figgy-pudding@3.5.2 deduped
  │ │ │ ├── unique-filename@1.1.1 deduped
  │ │ │ └── y18n@4.0.0
  │ │ ├─┬ find-cache-dir@2.1.0
  │ │ │ ├── commondir@1.0.1 deduped
  │ │ │ ├─┬ make-dir@2.1.0
  │ │ │ │ ├── pify@4.0.1 deduped
  │ │ │ │ └── semver@5.7.1
  │ │ │ └─┬ pkg-dir@3.0.0
  │ │ │   └─┬ find-up@3.0.0
  │ │ │     └─┬ locate-path@3.0.0
  │ │ │       ├─┬ p-locate@3.0.0
  │ │ │       │ └── p-limit@2.3.0 deduped
  │ │ │       └── path-exists@3.0.0
  │ │ ├── is-wsl@1.1.0
  │ │ ├── schema-utils@1.0.0 deduped
  │ │ ├─┬ serialize-javascript@4.0.0
  │ │ │ └── randombytes@2.1.0 deduped
  │ │ ├── source-map@0.6.1 deduped
  │ │ ├─┬ terser@4.8.0
  │ │ │ ├── commander@2.20.3 deduped
  │ │ │ ├── source-map@0.6.1 deduped
  │ │ │ └── source-map-support@0.5.19 deduped
  │ │ ├── webpack-sources@1.4.3 deduped
  │ │ └─┬ worker-farm@1.7.0
  │ │   └── errno@0.1.7 deduped
  │ ├─┬ watchpack@1.7.4
  │ │ ├─┬ chokidar@3.4.2
  │ │ │ ├─┬ anymatch@3.1.1
  │ │ │ │ ├── normalize-path@3.0.0 deduped
  │ │ │ │ └── picomatch@2.2.2 deduped
  │ │ │ ├─┬ braces@3.0.2
  │ │ │ │ └─┬ fill-range@7.0.1
  │ │ │ │   └─┬ to-regex-range@5.0.1
  │ │ │ │     └── is-number@7.0.0
  │ │ │ ├── fsevents@2.1.3
  │ │ │ ├─┬ glob-parent@5.1.1
  │ │ │ │ └── is-glob@4.0.1 deduped
  │ │ │ ├─┬ is-binary-path@2.1.0
  │ │ │ │ └── binary-extensions@2.1.0
  │ │ │ ├── is-glob@4.0.1 deduped
  │ │ │ ├── normalize-path@3.0.0
  │ │ │ └─┬ readdirp@3.4.0
  │ │ │   └── picomatch@2.2.2 deduped
  │ │ ├── graceful-fs@4.2.4 deduped
  │ │ ├── neo-async@2.6.2 deduped
  │ │ └─┬ watchpack-chokidar2@2.0.0
  │ │   └─┬ chokidar@2.1.8
  │ │     ├─┬ anymatch@2.0.0
  │ │     │ ├─┬ micromatch@3.1.10
  │ │     │ │ ├── arr-diff@4.0.0 deduped
  │ │     │ │ ├── array-unique@0.3.2 deduped
  │ │     │ │ ├── braces@2.3.2 deduped
  │ │     │ │ ├── define-property@2.0.2 deduped
  │ │     │ │ ├── extend-shallow@3.0.2 deduped
  │ │     │ │ ├── extglob@2.0.4 deduped
  │ │     │ │ ├── fragment-cache@0.2.1 deduped
  │ │     │ │ ├── kind-of@6.0.3 deduped
  │ │     │ │ ├── nanomatch@1.2.13 deduped
  │ │     │ │ ├── object.pick@1.3.0 deduped
  │ │     │ │ ├── regex-not@1.0.2 deduped
  │ │     │ │ ├── snapdragon@0.8.2 deduped
  │ │     │ │ └── to-regex@3.0.2 deduped
  │ │     │ └─┬ normalize-path@2.1.1
  │ │     │   └── remove-trailing-separator@1.1.0 deduped
  │ │     ├── async-each@1.0.3
  │ │     ├─┬ braces@2.3.2
  │ │     │ ├── arr-flatten@1.1.0 deduped
  │ │     │ ├── array-unique@0.3.2 deduped
  │ │     │ ├─┬ extend-shallow@2.0.1
  │ │     │ │ └── is-extendable@0.1.1 deduped
  │ │     │ ├─┬ fill-range@4.0.0
  │ │     │ │ ├─┬ extend-shallow@2.0.1
  │ │     │ │ │ └── is-extendable@0.1.1 deduped
  │ │     │ │ ├─┬ is-number@3.0.0
  │ │     │ │ │ └─┬ kind-of@3.2.2
  │ │     │ │ │   └── is-buffer@1.1.6 deduped
  │ │     │ │ ├── repeat-string@1.6.1 deduped
  │ │     │ │ └─┬ to-regex-range@2.1.1
  │ │     │ │   ├── is-number@3.0.0 deduped
  │ │     │ │   └── repeat-string@1.6.1 deduped
  │ │     │ ├── isobject@3.0.1 deduped
  │ │     │ ├── repeat-element@1.1.3 deduped
  │ │     │ ├── snapdragon@0.8.2 deduped
  │ │     │ ├── snapdragon-node@2.1.1 deduped
  │ │     │ ├── split-string@3.1.0 deduped
  │ │     │ └── to-regex@3.0.2 deduped
  │ │     ├─┬ fsevents@1.2.13
  │ │     │ ├─┬ bindings@1.5.0
  │ │     │ │ └── file-uri-to-path@1.0.0
  │ │     │ └── nan@2.14.1
  │ │     ├─┬ glob-parent@3.1.0
  │ │     │ ├─┬ is-glob@3.1.0
  │ │     │ │ └── is-extglob@2.1.1 deduped
  │ │     │ └── path-dirname@1.0.2
  │ │     ├── inherits@2.0.4 deduped
  │ │     ├─┬ is-binary-path@1.0.1
  │ │     │ └── binary-extensions@1.13.1
  │ │     ├── is-glob@4.0.1 deduped
  │ │     ├── normalize-path@3.0.0 deduped
  │ │     ├── path-is-absolute@1.0.1 deduped
  │ │     ├─┬ readdirp@2.2.1
  │ │     │ ├── graceful-fs@4.2.4 deduped
  │ │     │ ├── micromatch@3.1.10 deduped
  │ │     │ └─┬ readable-stream@2.3.7
  │ │     │   ├── core-util-is@1.0.2 deduped
  │ │     │   ├── inherits@2.0.4 deduped
  │ │     │   ├── isarray@1.0.0 deduped
  │ │     │   ├── process-nextick-args@2.0.1 deduped
  │ │     │   ├── safe-buffer@5.1.2
  │ │     │   ├─┬ string_decoder@1.1.1
  │ │     │   │ └── safe-buffer@5.1.2 deduped
  │ │     │   └── util-deprecate@1.0.2 deduped
  │ │     └── upath@1.2.0
  │ └── webpack-sources@1.4.3 deduped
  └─┬ webpack-sources@1.4.3
    ├── source-list-map@2.0.1 deduped
    └── source-map@0.6.1 deduped

